<?xml version="1.0" encoding="utf-8"?><testsuites name="pytest tests"><testsuite name="pytest" errors="0" failures="0" skipped="0" tests="3" time="95.984" timestamp="2026-09-15T15:14:22.574799+08:00" hostname="SC-202507131830"><testcase classname="tests.test_custody_audit_projection" name="test_auditor_reads_pinned_state_and_independently_retained_signed_receipt_without_writing_state" time="20.930" /><testcase classname="tests.test_custody_audit_projection" name="test_cli_audits_only_absent_receipt_and_refuses_to_overwrite_output" time="1.588" /><testcase classname="tests.test_custody_audit_projection" name="test_auditor_rejects_anchor_drift_reanchored_receipt_mismatch_and_change_during_read" time="73.359" /></testsuite></testsuites>