<?xml version="1.0" encoding="utf-8"?><testsuites><testsuite name="pytest" errors="0" failures="0" skipped="1" tests="1" time="0.967" timestamp="2026-09-15T12:13:39.887759" hostname="SC-202507131830"><testcase classname="tests.test_c5_headless_runtime_controller_full" name="test_full_headless_c5_controller_then_registers_selected_bundle" time="0.000"><skipped type="pytest.skip" message="review-gated: do not launch 930 solver + 118 evaluator full grid without root profiling plan">E:\_ryanDev\AI\research-loop-modular\c5-headless-runtime-integration-r1\tests\test_c5_headless_runtime_controller_full.py:37: review-gated: do not launch 930 solver + 118 evaluator full grid without root profiling plan</skipped></testcase></testsuite></testsuites>