<?xml version="1.0" encoding="utf-8"?><testsuites><testsuite name="pytest" errors="0" failures="0" skipped="1" tests="2" time="6.215" timestamp="2026-09-15T12:17:18.297132" hostname="SC-202507131830"><testcase classname="tests.test_c5_headless_runtime_controller_full" name="test_headless_full_controller_factory_preflight_has_no_grid_dispatch" time="5.362" /><testcase classname="tests.test_c5_headless_runtime_controller_full" name="test_full_headless_c5_controller_then_registers_selected_bundle" time="0.000"><skipped type="pytest.skip" message="review-gated: do not launch 930 solver + 118 evaluator full grid without root profiling plan">E:\_ryanDev\AI\research-loop-modular\c5-headless-runtime-integration-r1\tests\test_c5_headless_runtime_controller_full.py:77: review-gated: do not launch 930 solver + 118 evaluator full grid without root profiling plan</skipped></testcase></testsuite></testsuites>