<?xml version="1.0" encoding="utf-8"?><testsuites><testsuite name="pytest" errors="1" failures="0" skipped="0" tests="1" time="1.259" timestamp="2026-09-15T12:05:35.693324" hostname="SC-202507131830"><testcase classname="" name="tests.test_c5_headless_runtime_integration" time="0.000"><error message="collection failure">ImportError while importing test module 'E:\_ryanDev\AI\research-loop-modular\c5-headless-runtime-integration-r1\tests\test_c5_headless_runtime_integration.py'.
Hint: make sure your test modules/packages have valid Python names.
Traceback:
C:\Users\Administrator\AppData\Local\Programs\Python\Python312\Lib\importlib\__init__.py:90: in import_module
    return _bootstrap._gcd_import(name[level:], package, level)
tests\test_c5_headless_runtime_integration.py:25: in &lt;module&gt;
    from test_modular_benchmark_solver import _plan
E   ImportError: cannot import name '_plan' from 'test_modular_benchmark_solver' (E:\_ryanDev\AI\research-loop-modular\c5-headless-runtime-integration-r1\tests\test_modular_benchmark_solver.py)</error></testcase></testsuite></testsuites>