<?xml version="1.0" encoding="utf-8"?><testsuites><testsuite name="pytest" errors="0" failures="1" skipped="0" tests="142" time="1453.791" timestamp="2026-09-14T00:29:20.863533" hostname="SC-202507131830"><testcase classname="tests.test_diagnostic_material_authoring" name="test_worker_authoring_material_signatures_and_ready_renderer_inventory" time="11.738" /><testcase classname="tests.test_diagnostic_material_authoring" name="test_fault_preserves_four_states_and_denominators_without_retry[authoring_unknown_main-12]" time="4.396" /><testcase classname="tests.test_diagnostic_material_authoring" name="test_fault_preserves_four_states_and_denominators_without_retry[paid-None]" time="4.201" /><testcase classname="tests.test_diagnostic_material_authoring" name="test_fault_preserves_four_states_and_denominators_without_retry[tools-None]" time="3.513" /><testcase classname="tests.test_diagnostic_material_authoring" name="test_native_binding_swap_retains_main_accounting_and_stops[answer]" time="3.962" /><testcase classname="tests.test_diagnostic_material_authoring" name="test_native_binding_swap_retains_main_accounting_and_stops[prompt]" time="4.026" /><testcase classname="tests.test_diagnostic_material_authoring" name="test_native_binding_swap_retains_main_accounting_and_stops[schema]" time="3.980" /><testcase classname="tests.test_diagnostic_material_authoring" name="test_native_binding_swap_retains_main_accounting_and_stops[reservation]" time="4.798" /><testcase classname="tests.test_diagnostic_material_authoring" name="test_native_binding_swap_retains_main_accounting_and_stops[source]" time="3.643" /><testcase classname="tests.test_diagnostic_material_authoring" name="test_late_entry_malformed_before_any_dispatch" time="1.070" /><testcase classname="tests.test_diagnostic_material_authoring" name="test_full_reference_in_all_four_requests_and_explicit_caps" time="1.361" /><testcase classname="tests.test_diagnostic_material_authoring" name="test_file_only_native_provision_freezes_all_slots_without_launch" time="4.185" /><testcase classname="tests.test_diagnostic_material_authoring" name="test_explicit_negative_support_still_remains_provisional" time="0.001" /><testcase classname="tests.test_diagnostic_material_authoring" name="test_author_assertions_cannot_create_coverage_truth[order]" time="0.001" /><testcase classname="tests.test_diagnostic_material_authoring" name="test_author_assertions_cannot_create_coverage_truth[empty]" time="0.001" /><testcase classname="tests.test_diagnostic_material_authoring" name="test_author_assertions_cannot_create_coverage_truth[negative]" time="0.001" /><testcase classname="tests.test_diagnostic_material_authoring" name="test_author_assertions_cannot_create_coverage_truth[alternative]" time="0.000" /><testcase classname="tests.test_diagnostic_material_authoring" name="test_author_assertions_cannot_create_coverage_truth[excerpt]" time="0.000" /><testcase classname="tests.test_diagnostic_material_authoring" name="test_author_assertions_cannot_create_coverage_truth[expected]" time="0.000" /><testcase classname="tests.test_diagnostic_subscription" name="test_new_manifest_never_weakens_old_monetary_contract" time="0.803" /><testcase classname="tests.test_diagnostic_subscription" name="test_real_worker_renderer_native_ledger_and_fixed_denominators[diagnostic-8-4]" time="27.986" /><testcase classname="tests.test_diagnostic_subscription" name="test_real_worker_renderer_native_ledger_and_fixed_denominators[diagnostic_unknown_main-1-0]" time="15.354" /><testcase classname="tests.test_diagnostic_subscription" name="test_complete_reference_byte_cap_rejects_before_any_transport" time="0.689" /><testcase classname="tests.test_diagnostic_subscription" name="test_changed_request_inventory_rejected_before_io" time="1.478" /><testcase classname="tests.test_diagnostic_subscription" name="test_source_drift_after_main_retains_receipt_and_blocks_later_io" time="20.062" /><testcase classname="tests.test_diagnostic_subscription" name="test_unknown_title_does_not_invent_zero_or_block_known_main" time="140.907"><failure message="assert 7 == 8">tmp_path = WindowsPath('E:/_ryanDev/AI/research-loop-modular/work/material-authoring-frozen-check-r1/pytest-temp/test_unknown_title_does_not_in0')

    def test_unknown_title_does_not_invent_zero_or_block_known_main(tmp_path):
        desc, manifest, authorities, _ = setup_subscription(tmp_path, ready_kind='uncertain')
        result = unpack(run_private(desc, fixture_factory=fixture_factory()), manifest, authorities)
&gt;       assert result['budget']['reserved_main_opportunities'] == 8
E       assert 7 == 8

tests\test_diagnostic_subscription.py:159: AssertionError</failure></testcase><testcase classname="tests.test_diagnostic_subscription" name="test_duplicate_native_identity_retained_and_halts" time="33.086" /><testcase classname="tests.test_diagnostic_subscription" name="test_all_materials_frozen_and_opportunity_budget_stops_before_second_call" time="16.928" /><testcase classname="tests.test_diagnostic_subscription" name="test_native_fault_at_provider_seam_never_permits_later_request[paid]" time="72.093" /><testcase classname="tests.test_diagnostic_subscription" name="test_native_fault_at_provider_seam_never_permits_later_request[tools]" time="196.829" /><testcase classname="tests.test_diagnostic_subscription" name="test_native_fault_at_provider_seam_never_permits_later_request[malformed]" time="64.100" /><testcase classname="tests.test_diagnostic_subscription" name="test_native_fault_at_provider_seam_never_permits_later_request[tool_event]" time="22.460" /><testcase classname="tests.test_diagnostic_subscription" name="test_native_fault_at_provider_seam_never_permits_later_request[optional_stop_bad_terminal]" time="28.729" /><testcase classname="tests.test_diagnostic_subscription" name="test_invalid_review_keeps_accepted_native_main_receipt" time="20.062" /><testcase classname="tests.test_diagnostic_subscription" name="test_native_execution_cannot_use_unprovisioned_profile_or_fixture_fallback" time="1.004" /><testcase classname="tests.test_diagnostic_subscription" name="test_coherent_native_binding_swaps_keep_main_usage_but_stop_io[valid_response]" time="22.079" /><testcase classname="tests.test_diagnostic_subscription" name="test_coherent_native_binding_swaps_keep_main_usage_but_stop_io[prompt]" time="22.015" /><testcase classname="tests.test_diagnostic_subscription" name="test_coherent_native_binding_swaps_keep_main_usage_but_stop_io[schema]" time="12.771" /><testcase classname="tests.test_diagnostic_subscription" name="test_coherent_native_binding_swaps_keep_main_usage_but_stop_io[reservation]" time="12.794" /><testcase classname="tests.test_diagnostic_subscription" name="test_coherent_native_binding_swaps_keep_main_usage_but_stop_io[source]" time="16.384" /><testcase classname="tests.test_diagnostic_subscription" name="test_large_synthetic_reference_compiles_complete_with_explicit_byte_limit" time="1.065" /><testcase classname="tests.test_grok_acp_transport" name="test_diagnostic_entry_uses_separate_explicit_caps_without_changing_smoke" time="1.667" /><testcase classname="tests.test_grok_acp_transport" name="test_native_nullable_diagnostic_dimensions_leave_legacy_schema_unchanged" time="0.000" /><testcase classname="tests.test_grok_acp_transport" name="test_native_acp_binding_and_preflight_order" time="1.640" /><testcase classname="tests.test_grok_acp_transport" name="test_gate_rejection_cannot_dispatch[tools-runtime_tools_not_empty]" time="0.688" /><testcase classname="tests.test_grok_acp_transport" name="test_gate_rejection_cannot_dispatch[paid-paid_fallback_available]" time="1.150" /><testcase classname="tests.test_grok_acp_transport" name="test_gate_rejection_cannot_dispatch[bool_money-billing_money_shape]" time="0.602" /><testcase classname="tests.test_grok_acp_transport" name="test_gate_rejection_cannot_dispatch[topup-auto_topup_present_or_unknown]" time="0.782" /><testcase classname="tests.test_grok_acp_transport" name="test_gate_rejection_cannot_dispatch[topup_error-rpc_error]" time="0.711" /><testcase classname="tests.test_grok_acp_transport" name="test_gate_rejection_cannot_dispatch[malformed-malformed_json]" time="0.985" /><testcase classname="tests.test_grok_acp_transport" name="test_gate_rejection_cannot_dispatch[unknown-unknown_notification]" time="0.628" /><testcase classname="tests.test_grok_acp_transport" name="test_gate_rejection_cannot_dispatch[new_binding-session_binding]" time="0.737" /><testcase classname="tests.test_grok_acp_transport" name="test_gate_rejection_cannot_dispatch[model-selected_model_mismatch]" time="0.652" /><testcase classname="tests.test_grok_acp_transport" name="test_dispatched_failure_is_terminal[prompt_binding-result_binding]" time="1.191" /><testcase classname="tests.test_grok_acp_transport" name="test_dispatched_failure_is_terminal[result_session-result_binding]" time="1.185" /><testcase classname="tests.test_grok_acp_transport" name="test_dispatched_failure_is_terminal[extra_work-result_extra_work_or_failure]" time="1.186" /><testcase classname="tests.test_grok_acp_transport" name="test_dispatched_failure_is_terminal[schema-structured_text_disagreement]" time="0.976" /><testcase classname="tests.test_grok_acp_transport" name="test_dispatched_failure_is_terminal[multi_call-usage_incomplete_or_extra_calls]" time="0.784" /><testcase classname="tests.test_grok_acp_transport" name="test_dispatched_failure_is_terminal[incomplete-usage_incomplete_or_extra_calls]" time="1.012" /><testcase classname="tests.test_grok_acp_transport" name="test_dispatched_failure_is_terminal[tokens-observed_token_limit]" time="1.203" /><testcase classname="tests.test_grok_acp_transport" name="test_dispatched_failure_is_terminal[post_paid-paid_fallback_available]" time="1.187" /><testcase classname="tests.test_grok_acp_transport" name="test_dispatched_failure_is_terminal[tool_event-tool_activity]" time="1.144" /><testcase classname="tests.test_grok_acp_transport" name="test_dispatched_failure_is_terminal[server_request-server_request_disallowed]" time="0.996" /><testcase classname="tests.test_grok_acp_transport" name="test_unknown_cost_not_invented[unknown_cost]" time="1.262" /><testcase classname="tests.test_grok_acp_transport" name="test_unknown_cost_not_invented[partial]" time="0.875" /><testcase classname="tests.test_grok_acp_transport" name="test_timeout_kills_subprocess_tree_without_retry[pre_timeout-False]" time="1.683" /><testcase classname="tests.test_grok_acp_transport" name="test_timeout_kills_subprocess_tree_without_retry[timeout-True]" time="1.586" /><testcase classname="tests.test_grok_acp_transport" name="test_existing_reservation_blocks_new_peer" time="0.077" /><testcase classname="tests.test_grok_acp_transport" name="test_frozen_file_change_blocks_process" time="0.074" /><testcase classname="tests.test_grok_acp_transport" name="test_billing_zero_is_typed_and_current" time="0.001" /><testcase classname="tests.test_grok_acp_transport" name="test_acp_input_includes_cache_and_reasoning_is_subset" time="0.000" /><testcase classname="tests.test_grok_acp_transport" name="test_native_entry_point_requires_explicit_revised_contract" time="0.000" /><testcase classname="tests.test_grok_acp_transport" name="test_receipt_cannot_claim_main_usage_is_total" time="0.774" /><testcase classname="tests.test_grok_acp_transport" name="test_native_startup_pins_config_and_excludes_api_environment" time="0.015" /><testcase classname="tests.test_grok_acp_transport" name="test_bound_native_queue_display_does_not_expose_prompt_or_add_dispatch" time="1.127" /><testcase classname="tests.test_grok_acp_transport" name="test_queue_repair_still_rejects_other_work[queue_wrong-queue_prompt_binding]" time="0.914" /><testcase classname="tests.test_grok_acp_transport" name="test_queue_repair_still_rejects_other_work[queue_extra-extra_queued_work]" time="0.867" /><testcase classname="tests.test_grok_acp_transport" name="test_queue_repair_still_rejects_other_work[queue_unknown-unknown_queue_field]" time="1.048" /><testcase classname="tests.test_grok_acp_transport" name="test_optional_intermediate_stop_requires_bound_terminal_success" time="1.307" /><testcase classname="tests.test_grok_acp_transport" name="test_missing_intermediate_stop_does_not_allow_bad_terminal" time="1.034" /><testcase classname="tests.test_grok_acp_transport" name="test_source_optional_metadata_and_terminal_notification[optional_usage]" time="1.482" /><testcase classname="tests.test_grok_acp_transport" name="test_source_optional_metadata_and_terminal_notification[prompt_complete]" time="0.979" /><testcase classname="tests.test_grok_acp_transport" name="test_source_optional_review_keeps_binding_and_types[prompt_complete_wrong-prompt_complete_binding]" time="0.947" /><testcase classname="tests.test_grok_acp_transport" name="test_source_optional_review_keeps_binding_and_types[context_count-terminal_context_count_shape]" time="1.630" /><testcase classname="tests.test_grok_acp_transport" name="test_rejected_rpc_retains_already_received_partial_usage" time="0.826" /><testcase classname="tests.test_calibration_pilot" name="test_contract_is_diagnostic_and_complete" time="0.000" /><testcase classname="tests.test_calibration_pilot" name="test_full_grid_blind_reviews_before_evaluation_and_statistics" time="64.270" /><testcase classname="tests.test_calibration_pilot" name="test_malformed_or_foreign_grid_refused_before_references[validation]" time="0.166" /><testcase classname="tests.test_calibration_pilot" name="test_malformed_or_foreign_grid_refused_before_references[missing_slot]" time="0.099" /><testcase classname="tests.test_calibration_pilot" name="test_malformed_or_foreign_grid_refused_before_references[duplicate_slot]" time="0.193" /><testcase classname="tests.test_calibration_pilot" name="test_malformed_or_foreign_grid_refused_before_references[foreign_benchmark]" time="0.123" /><testcase classname="tests.test_calibration_pilot" name="test_malformed_or_foreign_grid_refused_before_references[duplicate_authority]" time="0.099" /><testcase classname="tests.test_calibration_pilot" name="test_malformed_or_foreign_grid_refused_before_references[missing_price]" time="0.105" /><testcase classname="tests.test_calibration_pilot" name="test_malformed_or_foreign_grid_refused_before_references[oversize_calls]" time="0.097" /><testcase classname="tests.test_calibration_pilot" name="test_candidate_drift_rejected_before_resolver_or_ports" time="0.119" /><testcase classname="tests.test_calibration_pilot" name="test_reference_drift_keeps_reservation_and_zero_ports" time="0.307" /><testcase classname="tests.test_calibration_pilot" name="test_review_disagreement_calls_one_fixed_arbitration" time="63.787" /><testcase classname="tests.test_calibration_pilot" name="test_unresolved_and_not_applicable_keep_both_opportunities" time="39.051" /><testcase classname="tests.test_calibration_pilot" name="test_capacity_or_budget_never_calls_billable_ports[unreliable]" time="14.286" /><testcase classname="tests.test_calibration_pilot" name="test_capacity_or_budget_never_calls_billable_ports[capacity]" time="12.181" /><testcase classname="tests.test_calibration_pilot" name="test_capacity_or_budget_never_calls_billable_ports[wrong_quote]" time="11.007" /><testcase classname="tests.test_calibration_pilot" name="test_capacity_or_budget_never_calls_billable_ports[budget]" time="8.372" /><testcase classname="tests.test_calibration_pilot" name="test_unknown_reviewer_cost_blocks_entire_global_budget" time="4.691" /><testcase classname="tests.test_calibration_pilot" name="test_invalid_judge_output_retained_before_validation" time="29.687" /><testcase classname="tests.test_calibration_pilot" name="test_real_subprocess_36_slot_standard_resolver_endpoint" time="25.549" /><testcase classname="tests.test_calibration_pilot" name="test_worker_source_pin_drift_zero_ports" time="0.042" /><testcase classname="tests.test_calibration_pilot" name="test_source_change_in_capacity_check_refused_before_billable_io" time="3.202" /><testcase classname="tests.test_calibration_pilot" name="test_global_review_budget_is_not_free" time="0.219" /><testcase classname="tests.test_calibration_pilot" name="test_partial_evaluator_cost_preserved_and_stops_io[unknown]" time="0.163" /><testcase classname="tests.test_calibration_pilot" name="test_partial_evaluator_cost_preserved_and_stops_io[foreign_config]" time="0.171" /><testcase classname="tests.test_calibration_pilot" name="test_partial_evaluator_cost_preserved_and_stops_io[exceeds_bound]" time="0.153" /><testcase classname="tests.test_calibration_pilot" name="test_statistics_nonzero_errors_and_unknown_excluded_without_inventing_samples" time="0.033" /><testcase classname="tests.test_calibration_pilot" name="test_parent_refuses_foreign_config_command_before_launch" time="0.043" /><testcase classname="tests.test_calibration_pilot" name="test_nine_material_slots_have_distinct_actual_candidate_content" time="0.033" /><testcase classname="tests.test_calibration_pilot" name="test_source_drift_latches_even_when_original_bytes_are_restored" time="0.092" /><testcase classname="tests.test_calibration_pilot" name="test_same_usage_evidence_cannot_count_as_second_actual_call" time="0.279" /><testcase classname="tests.test_calibration_pilot" name="test_timeout_preserves_partial_streams_and_unknown_child_cost" time="1.285" /><testcase classname="tests.test_diagnostic_private_ports" name="test_renderer_resolves_train_reference_and_blinds_labels" time="0.040" /><testcase classname="tests.test_diagnostic_private_ports" name="test_foreign_handle_rejected_before_resolver_payload_read" time="0.088" /><testcase classname="tests.test_diagnostic_private_ports" name="test_real_http_serialization_reservation_usage_and_blinding" time="0.958" /><testcase classname="tests.test_diagnostic_private_ports" name="test_http_failure_keeps_partial_usage_and_stops[timeout]" time="1.982" /><testcase classname="tests.test_diagnostic_private_ports" name="test_http_failure_keeps_partial_usage_and_stops[http_error]" time="0.803" /><testcase classname="tests.test_diagnostic_private_ports" name="test_http_failure_keeps_partial_usage_and_stops[missing_usage]" time="0.867" /><testcase classname="tests.test_diagnostic_private_ports" name="test_http_failure_keeps_partial_usage_and_stops[invalid_content]" time="0.841" /><testcase classname="tests.test_diagnostic_private_ports" name="test_http_failure_keeps_partial_usage_and_stops[cap_breach]" time="0.854" /><testcase classname="tests.test_diagnostic_private_ports" name="test_reused_provider_usage_across_roles_is_unknown_not_new_receipt" time="1.441" /><testcase classname="tests.test_diagnostic_private_ports" name="test_source_drift_after_response_preserves_paid_usage_but_no_review" time="1.315" /><testcase classname="tests.test_diagnostic_private_ports" name="test_evidence_drift_or_foreign_request_has_zero_http_calls" time="0.515" /><testcase classname="tests.test_diagnostic_private_ports" name="test_full_36_slot_real_http_grid_and_optional_arbitration[False]" time="125.240" /><testcase classname="tests.test_diagnostic_private_ports" name="test_full_36_slot_real_http_grid_and_optional_arbitration[True]" time="178.282" /><testcase classname="tests.test_diagnostic_private_ports" name="test_actual_private_worker_entry_and_parent_boundary[False]" time="17.152" /><testcase classname="tests.test_diagnostic_private_ports" name="test_actual_private_worker_entry_and_parent_boundary[True]" time="1.018" /><testcase classname="tests.test_label_isolation" name="test_every_task_has_a_label" time="0.001" /><testcase classname="tests.test_label_isolation" name="test_prompts_do_not_contain_label_payloads" time="0.451" /><testcase classname="tests.test_label_isolation" name="test_error_catching_every_task_has_a_label" time="0.001" /><testcase classname="tests.test_label_isolation" name="test_error_catching_prompts_do_not_contain_label_payloads" time="0.336" /><testcase classname="tests.test_label_isolation" name="test_iteration_every_task_has_a_label" time="0.001" /><testcase classname="tests.test_label_isolation" name="test_iteration_prompts_do_not_contain_label_payloads" time="0.169" /><testcase classname="tests.test_label_isolation" name="test_audit_contrast_every_task_has_a_label" time="0.001" /><testcase classname="tests.test_label_isolation" name="test_audit_contrast_prompts_do_not_contain_label_payloads" time="0.150" /><testcase classname="tests.test_label_isolation" name="test_true_lock_every_task_has_a_label" time="0.001" /><testcase classname="tests.test_label_isolation" name="test_true_lock_prompts_omit_gold_rule" time="0.231" /></testsuite></testsuites>