<?xml version="1.0" encoding="utf-8"?><testsuites><testsuite name="pytest" errors="0" failures="0" skipped="0" tests="32" time="58.310" timestamp="2026-09-14T00:55:05.349492" hostname="SC-202507131830"><testcase classname="tests.test_diagnostic_material_authoring" name="test_worker_authoring_material_signatures_and_ready_renderer_inventory" time="8.278" /><testcase classname="tests.test_diagnostic_material_authoring" name="test_fault_preserves_four_states_and_denominators_without_retry[authoring_unknown_main-12]" time="3.570" /><testcase classname="tests.test_diagnostic_material_authoring" name="test_fault_preserves_four_states_and_denominators_without_retry[paid-None]" time="2.498" /><testcase classname="tests.test_diagnostic_material_authoring" name="test_fault_preserves_four_states_and_denominators_without_retry[tools-None]" time="3.134" /><testcase classname="tests.test_diagnostic_material_authoring" name="test_native_binding_swap_retains_main_accounting_and_stops[answer]" time="3.480" /><testcase classname="tests.test_diagnostic_material_authoring" name="test_native_binding_swap_retains_main_accounting_and_stops[prompt]" time="3.391" /><testcase classname="tests.test_diagnostic_material_authoring" name="test_native_binding_swap_retains_main_accounting_and_stops[schema]" time="3.071" /><testcase classname="tests.test_diagnostic_material_authoring" name="test_native_binding_swap_retains_main_accounting_and_stops[reservation]" time="3.208" /><testcase classname="tests.test_diagnostic_material_authoring" name="test_native_binding_swap_retains_main_accounting_and_stops[source]" time="2.613" /><testcase classname="tests.test_diagnostic_material_authoring" name="test_late_entry_malformed_before_any_dispatch" time="0.923" /><testcase classname="tests.test_diagnostic_material_authoring" name="test_full_reference_in_all_four_requests_and_explicit_caps" time="1.082" /><testcase classname="tests.test_diagnostic_material_authoring" name="test_file_only_native_provision_freezes_all_slots_without_launch" time="1.804" /><testcase classname="tests.test_diagnostic_material_authoring" name="test_explicit_negative_support_still_remains_provisional" time="0.001" /><testcase classname="tests.test_diagnostic_material_authoring" name="test_author_assertions_cannot_create_coverage_truth[order]" time="0.001" /><testcase classname="tests.test_diagnostic_material_authoring" name="test_author_assertions_cannot_create_coverage_truth[empty]" time="0.001" /><testcase classname="tests.test_diagnostic_material_authoring" name="test_author_assertions_cannot_create_coverage_truth[negative]" time="0.001" /><testcase classname="tests.test_diagnostic_material_authoring" name="test_author_assertions_cannot_create_coverage_truth[alternative]" time="0.000" /><testcase classname="tests.test_diagnostic_material_authoring" name="test_author_assertions_cannot_create_coverage_truth[excerpt]" time="0.000" /><testcase classname="tests.test_diagnostic_material_authoring" name="test_author_assertions_cannot_create_coverage_truth[expected]" time="0.000" /><testcase classname="tests.test_diagnostic_subscription" name="test_unknown_title_does_not_invent_zero_or_block_known_main" time="17.278" /><testcase classname="tests.test_grok_acp_transport" name="test_timeout_kills_subprocess_tree_without_retry[pre_timeout-False]" time="1.563" /><testcase classname="tests.test_grok_acp_transport" name="test_timeout_kills_subprocess_tree_without_retry[timeout-True]" time="1.576" /><testcase classname="tests.test_label_isolation" name="test_every_task_has_a_label" time="0.001" /><testcase classname="tests.test_label_isolation" name="test_prompts_do_not_contain_label_payloads" time="0.010" /><testcase classname="tests.test_label_isolation" name="test_error_catching_every_task_has_a_label" time="0.001" /><testcase classname="tests.test_label_isolation" name="test_error_catching_prompts_do_not_contain_label_payloads" time="0.002" /><testcase classname="tests.test_label_isolation" name="test_iteration_every_task_has_a_label" time="0.001" /><testcase classname="tests.test_label_isolation" name="test_iteration_prompts_do_not_contain_label_payloads" time="0.002" /><testcase classname="tests.test_label_isolation" name="test_audit_contrast_every_task_has_a_label" time="0.001" /><testcase classname="tests.test_label_isolation" name="test_audit_contrast_prompts_do_not_contain_label_payloads" time="0.004" /><testcase classname="tests.test_label_isolation" name="test_true_lock_every_task_has_a_label" time="0.001" /><testcase classname="tests.test_label_isolation" name="test_true_lock_prompts_omit_gold_rule" time="0.003" /></testsuite></testsuites>