<?xml version="1.0" encoding="utf-8"?><testsuites><testsuite name="pytest" errors="0" failures="0" skipped="0" tests="117" time="573.330" timestamp="2026-09-13T23:34:32.576626" hostname="SC-202507131830"><testcase classname="tests.test_diagnostic_subscription" name="test_new_manifest_never_weakens_old_monetary_contract" time="0.303" /><testcase classname="tests.test_diagnostic_subscription" name="test_real_worker_renderer_native_ledger_and_fixed_denominators[diagnostic-8-4]" time="12.411" /><testcase classname="tests.test_diagnostic_subscription" name="test_real_worker_renderer_native_ledger_and_fixed_denominators[diagnostic_unknown_main-1-0]" time="6.485" /><testcase classname="tests.test_diagnostic_subscription" name="test_complete_reference_byte_cap_rejects_before_any_transport" time="0.203" /><testcase classname="tests.test_diagnostic_subscription" name="test_changed_request_inventory_rejected_before_io" time="0.727" /><testcase classname="tests.test_diagnostic_subscription" name="test_source_drift_after_main_retains_receipt_and_blocks_later_io" time="6.229" /><testcase classname="tests.test_diagnostic_subscription" name="test_unknown_title_does_not_invent_zero_or_block_known_main" time="12.328" /><testcase classname="tests.test_diagnostic_subscription" name="test_duplicate_native_identity_retained_and_halts" time="6.353" /><testcase classname="tests.test_diagnostic_subscription" name="test_all_materials_frozen_and_opportunity_budget_stops_before_second_call" time="5.743" /><testcase classname="tests.test_diagnostic_subscription" name="test_native_fault_at_provider_seam_never_permits_later_request[paid]" time="4.621" /><testcase classname="tests.test_diagnostic_subscription" name="test_native_fault_at_provider_seam_never_permits_later_request[tools]" time="9.736" /><testcase classname="tests.test_diagnostic_subscription" name="test_native_fault_at_provider_seam_never_permits_later_request[malformed]" time="3.909" /><testcase classname="tests.test_diagnostic_subscription" name="test_native_fault_at_provider_seam_never_permits_later_request[tool_event]" time="4.506" /><testcase classname="tests.test_diagnostic_subscription" name="test_native_fault_at_provider_seam_never_permits_later_request[optional_stop_bad_terminal]" time="4.739" /><testcase classname="tests.test_diagnostic_subscription" name="test_invalid_review_keeps_accepted_native_main_receipt" time="3.393" /><testcase classname="tests.test_diagnostic_subscription" name="test_native_execution_cannot_use_unprovisioned_profile_or_fixture_fallback" time="0.365" /><testcase classname="tests.test_grok_acp_transport" name="test_diagnostic_entry_uses_separate_explicit_caps_without_changing_smoke" time="0.462" /><testcase classname="tests.test_grok_acp_transport" name="test_native_nullable_diagnostic_dimensions_leave_legacy_schema_unchanged" time="0.000" /><testcase classname="tests.test_grok_acp_transport" name="test_native_acp_binding_and_preflight_order" time="0.382" /><testcase classname="tests.test_grok_acp_transport" name="test_gate_rejection_cannot_dispatch[tools-runtime_tools_not_empty]" time="0.208" /><testcase classname="tests.test_grok_acp_transport" name="test_gate_rejection_cannot_dispatch[paid-paid_fallback_available]" time="0.211" /><testcase classname="tests.test_grok_acp_transport" name="test_gate_rejection_cannot_dispatch[bool_money-billing_money_shape]" time="0.215" /><testcase classname="tests.test_grok_acp_transport" name="test_gate_rejection_cannot_dispatch[topup-auto_topup_present_or_unknown]" time="0.325" /><testcase classname="tests.test_grok_acp_transport" name="test_gate_rejection_cannot_dispatch[topup_error-rpc_error]" time="0.283" /><testcase classname="tests.test_grok_acp_transport" name="test_gate_rejection_cannot_dispatch[malformed-malformed_json]" time="0.246" /><testcase classname="tests.test_grok_acp_transport" name="test_gate_rejection_cannot_dispatch[unknown-unknown_notification]" time="0.187" /><testcase classname="tests.test_grok_acp_transport" name="test_gate_rejection_cannot_dispatch[new_binding-session_binding]" time="0.162" /><testcase classname="tests.test_grok_acp_transport" name="test_gate_rejection_cannot_dispatch[model-selected_model_mismatch]" time="0.170" /><testcase classname="tests.test_grok_acp_transport" name="test_dispatched_failure_is_terminal[prompt_binding-result_binding]" time="0.494" /><testcase classname="tests.test_grok_acp_transport" name="test_dispatched_failure_is_terminal[result_session-result_binding]" time="0.422" /><testcase classname="tests.test_grok_acp_transport" name="test_dispatched_failure_is_terminal[extra_work-result_extra_work_or_failure]" time="0.393" /><testcase classname="tests.test_grok_acp_transport" name="test_dispatched_failure_is_terminal[schema-structured_text_disagreement]" time="0.583" /><testcase classname="tests.test_grok_acp_transport" name="test_dispatched_failure_is_terminal[multi_call-usage_incomplete_or_extra_calls]" time="0.365" /><testcase classname="tests.test_grok_acp_transport" name="test_dispatched_failure_is_terminal[incomplete-usage_incomplete_or_extra_calls]" time="0.367" /><testcase classname="tests.test_grok_acp_transport" name="test_dispatched_failure_is_terminal[tokens-observed_token_limit]" time="0.516" /><testcase classname="tests.test_grok_acp_transport" name="test_dispatched_failure_is_terminal[post_paid-paid_fallback_available]" time="0.382" /><testcase classname="tests.test_grok_acp_transport" name="test_dispatched_failure_is_terminal[tool_event-tool_activity]" time="0.382" /><testcase classname="tests.test_grok_acp_transport" name="test_dispatched_failure_is_terminal[server_request-server_request_disallowed]" time="0.443" /><testcase classname="tests.test_grok_acp_transport" name="test_unknown_cost_not_invented[unknown_cost]" time="0.392" /><testcase classname="tests.test_grok_acp_transport" name="test_unknown_cost_not_invented[partial]" time="0.407" /><testcase classname="tests.test_grok_acp_transport" name="test_timeout_kills_subprocess_tree_without_retry[pre_timeout-False]" time="1.589" /><testcase classname="tests.test_grok_acp_transport" name="test_timeout_kills_subprocess_tree_without_retry[timeout-True]" time="1.553" /><testcase classname="tests.test_grok_acp_transport" name="test_existing_reservation_blocks_new_peer" time="0.044" /><testcase classname="tests.test_grok_acp_transport" name="test_frozen_file_change_blocks_process" time="0.033" /><testcase classname="tests.test_grok_acp_transport" name="test_billing_zero_is_typed_and_current" time="0.001" /><testcase classname="tests.test_grok_acp_transport" name="test_acp_input_includes_cache_and_reasoning_is_subset" time="0.000" /><testcase classname="tests.test_grok_acp_transport" name="test_native_entry_point_requires_explicit_revised_contract" time="0.000" /><testcase classname="tests.test_grok_acp_transport" name="test_receipt_cannot_claim_main_usage_is_total" time="0.382" /><testcase classname="tests.test_grok_acp_transport" name="test_native_startup_pins_config_and_excludes_api_environment" time="0.010" /><testcase classname="tests.test_grok_acp_transport" name="test_bound_native_queue_display_does_not_expose_prompt_or_add_dispatch" time="0.382" /><testcase classname="tests.test_grok_acp_transport" name="test_queue_repair_still_rejects_other_work[queue_wrong-queue_prompt_binding]" time="0.314" /><testcase classname="tests.test_grok_acp_transport" name="test_queue_repair_still_rejects_other_work[queue_extra-extra_queued_work]" time="0.416" /><testcase classname="tests.test_grok_acp_transport" name="test_queue_repair_still_rejects_other_work[queue_unknown-unknown_queue_field]" time="0.333" /><testcase classname="tests.test_grok_acp_transport" name="test_optional_intermediate_stop_requires_bound_terminal_success" time="0.400" /><testcase classname="tests.test_grok_acp_transport" name="test_missing_intermediate_stop_does_not_allow_bad_terminal" time="0.717" /><testcase classname="tests.test_grok_acp_transport" name="test_source_optional_metadata_and_terminal_notification[optional_usage]" time="0.639" /><testcase classname="tests.test_grok_acp_transport" name="test_source_optional_metadata_and_terminal_notification[prompt_complete]" time="0.592" /><testcase classname="tests.test_grok_acp_transport" name="test_source_optional_review_keeps_binding_and_types[prompt_complete_wrong-prompt_complete_binding]" time="0.484" /><testcase classname="tests.test_grok_acp_transport" name="test_source_optional_review_keeps_binding_and_types[context_count-terminal_context_count_shape]" time="0.633" /><testcase classname="tests.test_grok_acp_transport" name="test_rejected_rpc_retains_already_received_partial_usage" time="0.631" /><testcase classname="tests.test_calibration_pilot" name="test_contract_is_diagnostic_and_complete" time="0.000" /><testcase classname="tests.test_calibration_pilot" name="test_full_grid_blind_reviews_before_evaluation_and_statistics" time="39.830" /><testcase classname="tests.test_calibration_pilot" name="test_malformed_or_foreign_grid_refused_before_references[validation]" time="0.156" /><testcase classname="tests.test_calibration_pilot" name="test_malformed_or_foreign_grid_refused_before_references[missing_slot]" time="0.124" /><testcase classname="tests.test_calibration_pilot" name="test_malformed_or_foreign_grid_refused_before_references[duplicate_slot]" time="0.083" /><testcase classname="tests.test_calibration_pilot" name="test_malformed_or_foreign_grid_refused_before_references[foreign_benchmark]" time="0.088" /><testcase classname="tests.test_calibration_pilot" name="test_malformed_or_foreign_grid_refused_before_references[duplicate_authority]" time="0.068" /><testcase classname="tests.test_calibration_pilot" name="test_malformed_or_foreign_grid_refused_before_references[missing_price]" time="0.080" /><testcase classname="tests.test_calibration_pilot" name="test_malformed_or_foreign_grid_refused_before_references[oversize_calls]" time="0.078" /><testcase classname="tests.test_calibration_pilot" name="test_candidate_drift_rejected_before_resolver_or_ports" time="0.082" /><testcase classname="tests.test_calibration_pilot" name="test_reference_drift_keeps_reservation_and_zero_ports" time="0.276" /><testcase classname="tests.test_calibration_pilot" name="test_review_disagreement_calls_one_fixed_arbitration" time="49.349" /><testcase classname="tests.test_calibration_pilot" name="test_unresolved_and_not_applicable_keep_both_opportunities" time="37.097" /><testcase classname="tests.test_calibration_pilot" name="test_capacity_or_budget_never_calls_billable_ports[unreliable]" time="10.583" /><testcase classname="tests.test_calibration_pilot" name="test_capacity_or_budget_never_calls_billable_ports[capacity]" time="9.415" /><testcase classname="tests.test_calibration_pilot" name="test_capacity_or_budget_never_calls_billable_ports[wrong_quote]" time="9.618" /><testcase classname="tests.test_calibration_pilot" name="test_capacity_or_budget_never_calls_billable_ports[budget]" time="12.211" /><testcase classname="tests.test_calibration_pilot" name="test_unknown_reviewer_cost_blocks_entire_global_budget" time="6.507" /><testcase classname="tests.test_calibration_pilot" name="test_invalid_judge_output_retained_before_validation" time="39.097" /><testcase classname="tests.test_calibration_pilot" name="test_real_subprocess_36_slot_standard_resolver_endpoint" time="30.613" /><testcase classname="tests.test_calibration_pilot" name="test_worker_source_pin_drift_zero_ports" time="0.043" /><testcase classname="tests.test_calibration_pilot" name="test_source_change_in_capacity_check_refused_before_billable_io" time="4.595" /><testcase classname="tests.test_calibration_pilot" name="test_global_review_budget_is_not_free" time="0.452" /><testcase classname="tests.test_calibration_pilot" name="test_partial_evaluator_cost_preserved_and_stops_io[unknown]" time="0.341" /><testcase classname="tests.test_calibration_pilot" name="test_partial_evaluator_cost_preserved_and_stops_io[foreign_config]" time="0.287" /><testcase classname="tests.test_calibration_pilot" name="test_partial_evaluator_cost_preserved_and_stops_io[exceeds_bound]" time="0.153" /><testcase classname="tests.test_calibration_pilot" name="test_statistics_nonzero_errors_and_unknown_excluded_without_inventing_samples" time="0.043" /><testcase classname="tests.test_calibration_pilot" name="test_parent_refuses_foreign_config_command_before_launch" time="0.043" /><testcase classname="tests.test_calibration_pilot" name="test_nine_material_slots_have_distinct_actual_candidate_content" time="0.040" /><testcase classname="tests.test_calibration_pilot" name="test_source_drift_latches_even_when_original_bytes_are_restored" time="0.222" /><testcase classname="tests.test_calibration_pilot" name="test_same_usage_evidence_cannot_count_as_second_actual_call" time="0.487" /><testcase classname="tests.test_calibration_pilot" name="test_timeout_preserves_partial_streams_and_unknown_child_cost" time="1.366" /><testcase classname="tests.test_diagnostic_private_ports" name="test_renderer_resolves_train_reference_and_blinds_labels" time="0.121" /><testcase classname="tests.test_diagnostic_private_ports" name="test_foreign_handle_rejected_before_resolver_payload_read" time="0.065" /><testcase classname="tests.test_diagnostic_private_ports" name="test_real_http_serialization_reservation_usage_and_blinding" time="1.381" /><testcase classname="tests.test_diagnostic_private_ports" name="test_http_failure_keeps_partial_usage_and_stops[timeout]" time="1.808" /><testcase classname="tests.test_diagnostic_private_ports" name="test_http_failure_keeps_partial_usage_and_stops[http_error]" time="0.943" /><testcase classname="tests.test_diagnostic_private_ports" name="test_http_failure_keeps_partial_usage_and_stops[missing_usage]" time="0.758" /><testcase classname="tests.test_diagnostic_private_ports" name="test_http_failure_keeps_partial_usage_and_stops[invalid_content]" time="0.759" /><testcase classname="tests.test_diagnostic_private_ports" name="test_http_failure_keeps_partial_usage_and_stops[cap_breach]" time="0.760" /><testcase classname="tests.test_diagnostic_private_ports" name="test_reused_provider_usage_across_roles_is_unknown_not_new_receipt" time="1.277" /><testcase classname="tests.test_diagnostic_private_ports" name="test_source_drift_after_response_preserves_paid_usage_but_no_review" time="0.821" /><testcase classname="tests.test_diagnostic_private_ports" name="test_evidence_drift_or_foreign_request_has_zero_http_calls" time="0.510" /><testcase classname="tests.test_diagnostic_private_ports" name="test_full_36_slot_real_http_grid_and_optional_arbitration[False]" time="78.296" /><testcase classname="tests.test_diagnostic_private_ports" name="test_full_36_slot_real_http_grid_and_optional_arbitration[True]" time="124.844" /><testcase classname="tests.test_diagnostic_private_ports" name="test_actual_private_worker_entry_and_parent_boundary[False]" time="7.557" /><testcase classname="tests.test_diagnostic_private_ports" name="test_actual_private_worker_entry_and_parent_boundary[True]" time="0.513" /><testcase classname="tests.test_label_isolation" name="test_every_task_has_a_label" time="0.001" /><testcase classname="tests.test_label_isolation" name="test_prompts_do_not_contain_label_payloads" time="0.008" /><testcase classname="tests.test_label_isolation" name="test_error_catching_every_task_has_a_label" time="0.001" /><testcase classname="tests.test_label_isolation" name="test_error_catching_prompts_do_not_contain_label_payloads" time="0.001" /><testcase classname="tests.test_label_isolation" name="test_iteration_every_task_has_a_label" time="0.001" /><testcase classname="tests.test_label_isolation" name="test_iteration_prompts_do_not_contain_label_payloads" time="0.002" /><testcase classname="tests.test_label_isolation" name="test_audit_contrast_every_task_has_a_label" time="0.001" /><testcase classname="tests.test_label_isolation" name="test_audit_contrast_prompts_do_not_contain_label_payloads" time="0.004" /><testcase classname="tests.test_label_isolation" name="test_true_lock_every_task_has_a_label" time="0.001" /><testcase classname="tests.test_label_isolation" name="test_true_lock_prompts_omit_gold_rule" time="0.005" /></testsuite></testsuites>