<?xml version="1.0" encoding="utf-8"?><testsuites><testsuite name="pytest" errors="0" failures="0" skipped="0" tests="8" time="81.716" timestamp="2026-09-13T23:27:13.441543" hostname="SC-202507131830"><testcase classname="tests.test_diagnostic_subscription" name="test_new_manifest_never_weakens_old_monetary_contract" time="0.507" /><testcase classname="tests.test_diagnostic_subscription" name="test_real_worker_renderer_native_ledger_and_fixed_denominators[diagnostic-8-4]" time="21.120" /><testcase classname="tests.test_diagnostic_subscription" name="test_real_worker_renderer_native_ledger_and_fixed_denominators[diagnostic_unknown_main-1-0]" time="10.848" /><testcase classname="tests.test_diagnostic_subscription" name="test_complete_reference_byte_cap_rejects_before_any_transport" time="0.743" /><testcase classname="tests.test_diagnostic_subscription" name="test_changed_request_inventory_rejected_before_io" time="0.942" /><testcase classname="tests.test_diagnostic_subscription" name="test_source_drift_after_main_retains_receipt_and_blocks_later_io" time="11.538" /><testcase classname="tests.test_diagnostic_subscription" name="test_unknown_title_does_not_invent_zero_or_block_known_main" time="24.751" /><testcase classname="tests.test_diagnostic_subscription" name="test_duplicate_native_identity_retained_and_halts" time="11.193" /></testsuite></testsuites>