<?xml version="1.0" encoding="utf-8"?><testsuites><testsuite name="pytest" errors="0" failures="0" skipped="0" tests="8" time="9.997" timestamp="2026-09-14T00:27:10.751379" hostname="SC-202507131830"><testcase classname="tests.test_diagnostic_material_authoring" name="test_file_only_native_provision_freezes_all_slots_without_launch" time="9.747" /><testcase classname="tests.test_diagnostic_material_authoring" name="test_explicit_negative_support_still_remains_provisional" time="0.001" /><testcase classname="tests.test_diagnostic_material_authoring" name="test_author_assertions_cannot_create_coverage_truth[order]" time="0.001" /><testcase classname="tests.test_diagnostic_material_authoring" name="test_author_assertions_cannot_create_coverage_truth[empty]" time="0.001" /><testcase classname="tests.test_diagnostic_material_authoring" name="test_author_assertions_cannot_create_coverage_truth[negative]" time="0.001" /><testcase classname="tests.test_diagnostic_material_authoring" name="test_author_assertions_cannot_create_coverage_truth[alternative]" time="0.001" /><testcase classname="tests.test_diagnostic_material_authoring" name="test_author_assertions_cannot_create_coverage_truth[excerpt]" time="0.001" /><testcase classname="tests.test_diagnostic_material_authoring" name="test_author_assertions_cannot_create_coverage_truth[expected]" time="0.001" /></testsuite></testsuites>