<?xml version="1.0" encoding="utf-8"?><testsuites name="pytest tests"><testsuite name="pytest" errors="0" failures="0" skipped="0" tests="16" time="25.976" timestamp="2026-09-13T13:09:49.997187+08:00" hostname="SC-202507131830"><testcase classname="tests.test_modular_q54_causal_driver" name="test_q54_uses_model_ranking_updates_m4_and_executes_every_arm[blade-enabled0-subjective-a]" time="1.492" /><testcase classname="tests.test_modular_q54_causal_driver" name="test_q54_uses_model_ranking_updates_m4_and_executes_every_arm[blade-enabled0-preregistered_cost-b]" time="1.614" /><testcase classname="tests.test_modular_q54_causal_driver" name="test_q54_uses_model_ranking_updates_m4_and_executes_every_arm[blade-enabled1-subjective-a]" time="1.863" /><testcase classname="tests.test_modular_q54_causal_driver" name="test_q54_uses_model_ranking_updates_m4_and_executes_every_arm[blade-enabled1-preregistered_cost-b]" time="1.847" /><testcase classname="tests.test_modular_q54_causal_driver" name="test_q54_uses_model_ranking_updates_m4_and_executes_every_arm[blade-enabled2-subjective-a]" time="1.189" /><testcase classname="tests.test_modular_q54_causal_driver" name="test_q54_uses_model_ranking_updates_m4_and_executes_every_arm[blade-enabled2-preregistered_cost-b]" time="1.272" /><testcase classname="tests.test_modular_q54_causal_driver" name="test_q54_uses_model_ranking_updates_m4_and_executes_every_arm[blade-enabled3-subjective-a]" time="1.311" /><testcase classname="tests.test_modular_q54_causal_driver" name="test_q54_uses_model_ranking_updates_m4_and_executes_every_arm[blade-enabled3-preregistered_cost-b]" time="1.546" /><testcase classname="tests.test_modular_q54_causal_driver" name="test_q54_uses_model_ranking_updates_m4_and_executes_every_arm[discoverybench-enabled0-subjective-a]" time="1.260" /><testcase classname="tests.test_modular_q54_causal_driver" name="test_q54_uses_model_ranking_updates_m4_and_executes_every_arm[discoverybench-enabled0-preregistered_cost-b]" time="1.380" /><testcase classname="tests.test_modular_q54_causal_driver" name="test_q54_uses_model_ranking_updates_m4_and_executes_every_arm[discoverybench-enabled1-subjective-a]" time="1.524" /><testcase classname="tests.test_modular_q54_causal_driver" name="test_q54_uses_model_ranking_updates_m4_and_executes_every_arm[discoverybench-enabled1-preregistered_cost-b]" time="1.489" /><testcase classname="tests.test_modular_q54_causal_driver" name="test_q54_uses_model_ranking_updates_m4_and_executes_every_arm[discoverybench-enabled2-subjective-a]" time="1.463" /><testcase classname="tests.test_modular_q54_causal_driver" name="test_q54_uses_model_ranking_updates_m4_and_executes_every_arm[discoverybench-enabled2-preregistered_cost-b]" time="1.400" /><testcase classname="tests.test_modular_q54_causal_driver" name="test_q54_uses_model_ranking_updates_m4_and_executes_every_arm[discoverybench-enabled3-subjective-a]" time="1.472" /><testcase classname="tests.test_modular_q54_causal_driver" name="test_q54_uses_model_ranking_updates_m4_and_executes_every_arm[discoverybench-enabled3-preregistered_cost-b]" time="1.639" /></testsuite></testsuites>