<?xml version="1.0" encoding="utf-8"?><testsuites name="pytest tests"><testsuite name="pytest" errors="0" failures="0" skipped="0" tests="23" time="20.662" timestamp="2026-09-13T13:31:26.306377+08:00" hostname="SC-202507131830"><testcase classname="tests.test_modular_q54_causal_driver" name="test_q54_uses_model_ranking_updates_m4_and_executes_every_arm[blade-enabled0-subjective-a]" time="0.951" /><testcase classname="tests.test_modular_q54_causal_driver" name="test_q54_uses_model_ranking_updates_m4_and_executes_every_arm[blade-enabled0-preregistered_cost-b]" time="0.927" /><testcase classname="tests.test_modular_q54_causal_driver" name="test_q54_uses_model_ranking_updates_m4_and_executes_every_arm[blade-enabled1-subjective-a]" time="0.925" /><testcase classname="tests.test_modular_q54_causal_driver" name="test_q54_uses_model_ranking_updates_m4_and_executes_every_arm[blade-enabled1-preregistered_cost-b]" time="1.287" /><testcase classname="tests.test_modular_q54_causal_driver" name="test_q54_uses_model_ranking_updates_m4_and_executes_every_arm[blade-enabled2-subjective-a]" time="0.885" /><testcase classname="tests.test_modular_q54_causal_driver" name="test_q54_uses_model_ranking_updates_m4_and_executes_every_arm[blade-enabled2-preregistered_cost-b]" time="1.114" /><testcase classname="tests.test_modular_q54_causal_driver" name="test_q54_uses_model_ranking_updates_m4_and_executes_every_arm[blade-enabled3-subjective-a]" time="0.987" /><testcase classname="tests.test_modular_q54_causal_driver" name="test_q54_uses_model_ranking_updates_m4_and_executes_every_arm[blade-enabled3-preregistered_cost-b]" time="1.340" /><testcase classname="tests.test_modular_q54_causal_driver" name="test_q54_uses_model_ranking_updates_m4_and_executes_every_arm[discoverybench-enabled0-subjective-a]" time="0.961" /><testcase classname="tests.test_modular_q54_causal_driver" name="test_q54_uses_model_ranking_updates_m4_and_executes_every_arm[discoverybench-enabled0-preregistered_cost-b]" time="1.047" /><testcase classname="tests.test_modular_q54_causal_driver" name="test_q54_uses_model_ranking_updates_m4_and_executes_every_arm[discoverybench-enabled1-subjective-a]" time="1.006" /><testcase classname="tests.test_modular_q54_causal_driver" name="test_q54_uses_model_ranking_updates_m4_and_executes_every_arm[discoverybench-enabled1-preregistered_cost-b]" time="1.054" /><testcase classname="tests.test_modular_q54_causal_driver" name="test_q54_uses_model_ranking_updates_m4_and_executes_every_arm[discoverybench-enabled2-subjective-a]" time="1.181" /><testcase classname="tests.test_modular_q54_causal_driver" name="test_q54_uses_model_ranking_updates_m4_and_executes_every_arm[discoverybench-enabled2-preregistered_cost-b]" time="1.278" /><testcase classname="tests.test_modular_q54_causal_driver" name="test_q54_uses_model_ranking_updates_m4_and_executes_every_arm[discoverybench-enabled3-subjective-a]" time="1.248" /><testcase classname="tests.test_modular_q54_causal_driver" name="test_q54_uses_model_ranking_updates_m4_and_executes_every_arm[discoverybench-enabled3-preregistered_cost-b]" time="1.133" /><testcase classname="tests.test_modular_q54_causal_driver" name="test_authority_receipt_rejects_bad_aggregate_and_failed_execution_classification" time="0.001" /><testcase classname="tests.test_modular_q54_causal_driver" name="test_bundle_rejects_crlf_program_and_measurement_observable_drift" time="0.001" /><testcase classname="tests.test_modular_q54_causal_driver" name="test_bundle_rejects_split_discriminator_observable_pair" time="0.001" /><testcase classname="tests.test_modular_q54_causal_driver" name="test_post_execution_input_mutation_is_refused" time="0.514" /><testcase classname="tests.test_modular_q54_causal_driver" name="test_unknown_authority_gate_cannot_be_overridden_by_diagnostic_model" time="0.779" /><testcase classname="tests.test_modular_q54_causal_driver" name="test_authority_partial_response_and_exception_cost_are_journaled_first[3]" time="0.652" /><testcase classname="tests.test_modular_q54_causal_driver" name="test_authority_partial_response_and_exception_cost_are_journaled_first[None]" time="0.764" /></testsuite></testsuites>