<?xml version="1.0" encoding="utf-8"?><testsuites name="pytest tests"><testsuite name="pytest" errors="0" failures="0" skipped="0" tests="21" time="19.256" timestamp="2026-09-13T13:27:44.491754+08:00" hostname="SC-202507131830"><testcase classname="tests.test_modular_q54_causal_driver" name="test_q54_uses_model_ranking_updates_m4_and_executes_every_arm[blade-enabled0-subjective-a]" time="1.147" /><testcase classname="tests.test_modular_q54_causal_driver" name="test_q54_uses_model_ranking_updates_m4_and_executes_every_arm[blade-enabled0-preregistered_cost-b]" time="0.944" /><testcase classname="tests.test_modular_q54_causal_driver" name="test_q54_uses_model_ranking_updates_m4_and_executes_every_arm[blade-enabled1-subjective-a]" time="1.189" /><testcase classname="tests.test_modular_q54_causal_driver" name="test_q54_uses_model_ranking_updates_m4_and_executes_every_arm[blade-enabled1-preregistered_cost-b]" time="1.207" /><testcase classname="tests.test_modular_q54_causal_driver" name="test_q54_uses_model_ranking_updates_m4_and_executes_every_arm[blade-enabled2-subjective-a]" time="0.899" /><testcase classname="tests.test_modular_q54_causal_driver" name="test_q54_uses_model_ranking_updates_m4_and_executes_every_arm[blade-enabled2-preregistered_cost-b]" time="1.223" /><testcase classname="tests.test_modular_q54_causal_driver" name="test_q54_uses_model_ranking_updates_m4_and_executes_every_arm[blade-enabled3-subjective-a]" time="0.955" /><testcase classname="tests.test_modular_q54_causal_driver" name="test_q54_uses_model_ranking_updates_m4_and_executes_every_arm[blade-enabled3-preregistered_cost-b]" time="1.047" /><testcase classname="tests.test_modular_q54_causal_driver" name="test_q54_uses_model_ranking_updates_m4_and_executes_every_arm[discoverybench-enabled0-subjective-a]" time="1.139" /><testcase classname="tests.test_modular_q54_causal_driver" name="test_q54_uses_model_ranking_updates_m4_and_executes_every_arm[discoverybench-enabled0-preregistered_cost-b]" time="0.870" /><testcase classname="tests.test_modular_q54_causal_driver" name="test_q54_uses_model_ranking_updates_m4_and_executes_every_arm[discoverybench-enabled1-subjective-a]" time="1.250" /><testcase classname="tests.test_modular_q54_causal_driver" name="test_q54_uses_model_ranking_updates_m4_and_executes_every_arm[discoverybench-enabled1-preregistered_cost-b]" time="0.946" /><testcase classname="tests.test_modular_q54_causal_driver" name="test_q54_uses_model_ranking_updates_m4_and_executes_every_arm[discoverybench-enabled2-subjective-a]" time="1.163" /><testcase classname="tests.test_modular_q54_causal_driver" name="test_q54_uses_model_ranking_updates_m4_and_executes_every_arm[discoverybench-enabled2-preregistered_cost-b]" time="1.136" /><testcase classname="tests.test_modular_q54_causal_driver" name="test_q54_uses_model_ranking_updates_m4_and_executes_every_arm[discoverybench-enabled3-subjective-a]" time="1.038" /><testcase classname="tests.test_modular_q54_causal_driver" name="test_q54_uses_model_ranking_updates_m4_and_executes_every_arm[discoverybench-enabled3-preregistered_cost-b]" time="1.314" /><testcase classname="tests.test_modular_q54_causal_driver" name="test_authority_receipt_rejects_bad_aggregate_and_failed_execution_classification" time="0.001" /><testcase classname="tests.test_modular_q54_causal_driver" name="test_bundle_rejects_crlf_program_and_measurement_observable_drift" time="0.002" /><testcase classname="tests.test_modular_q54_causal_driver" name="test_bundle_rejects_split_discriminator_observable_pair" time="0.001" /><testcase classname="tests.test_modular_q54_causal_driver" name="test_post_execution_input_mutation_is_refused" time="0.535" /><testcase classname="tests.test_modular_q54_causal_driver" name="test_unknown_authority_gate_cannot_be_overridden_by_diagnostic_model" time="0.704" /></testsuite></testsuites>