<?xml version="1.0" encoding="utf-8"?><testsuites name="pytest tests"><testsuite name="pytest" errors="0" failures="0" skipped="0" tests="16" time="32.695" timestamp="2026-09-13T13:00:55.671485+08:00" hostname="SC-202507131830"><testcase classname="tests.test_modular_q54_causal_driver" name="test_q54_uses_model_ranking_updates_m4_and_executes_every_arm[blade-enabled0-subjective-a]" time="1.702" /><testcase classname="tests.test_modular_q54_causal_driver" name="test_q54_uses_model_ranking_updates_m4_and_executes_every_arm[blade-enabled0-preregistered_cost-b]" time="2.197" /><testcase classname="tests.test_modular_q54_causal_driver" name="test_q54_uses_model_ranking_updates_m4_and_executes_every_arm[blade-enabled1-subjective-a]" time="2.768" /><testcase classname="tests.test_modular_q54_causal_driver" name="test_q54_uses_model_ranking_updates_m4_and_executes_every_arm[blade-enabled1-preregistered_cost-b]" time="2.413" /><testcase classname="tests.test_modular_q54_causal_driver" name="test_q54_uses_model_ranking_updates_m4_and_executes_every_arm[blade-enabled2-subjective-a]" time="1.761" /><testcase classname="tests.test_modular_q54_causal_driver" name="test_q54_uses_model_ranking_updates_m4_and_executes_every_arm[blade-enabled2-preregistered_cost-b]" time="1.635" /><testcase classname="tests.test_modular_q54_causal_driver" name="test_q54_uses_model_ranking_updates_m4_and_executes_every_arm[blade-enabled3-subjective-a]" time="2.151" /><testcase classname="tests.test_modular_q54_causal_driver" name="test_q54_uses_model_ranking_updates_m4_and_executes_every_arm[blade-enabled3-preregistered_cost-b]" time="2.979" /><testcase classname="tests.test_modular_q54_causal_driver" name="test_q54_uses_model_ranking_updates_m4_and_executes_every_arm[discoverybench-enabled0-subjective-a]" time="1.699" /><testcase classname="tests.test_modular_q54_causal_driver" name="test_q54_uses_model_ranking_updates_m4_and_executes_every_arm[discoverybench-enabled0-preregistered_cost-b]" time="1.761" /><testcase classname="tests.test_modular_q54_causal_driver" name="test_q54_uses_model_ranking_updates_m4_and_executes_every_arm[discoverybench-enabled1-subjective-a]" time="1.633" /><testcase classname="tests.test_modular_q54_causal_driver" name="test_q54_uses_model_ranking_updates_m4_and_executes_every_arm[discoverybench-enabled1-preregistered_cost-b]" time="2.001" /><testcase classname="tests.test_modular_q54_causal_driver" name="test_q54_uses_model_ranking_updates_m4_and_executes_every_arm[discoverybench-enabled2-subjective-a]" time="1.476" /><testcase classname="tests.test_modular_q54_causal_driver" name="test_q54_uses_model_ranking_updates_m4_and_executes_every_arm[discoverybench-enabled2-preregistered_cost-b]" time="1.100" /><testcase classname="tests.test_modular_q54_causal_driver" name="test_q54_uses_model_ranking_updates_m4_and_executes_every_arm[discoverybench-enabled3-subjective-a]" time="1.185" /><testcase classname="tests.test_modular_q54_causal_driver" name="test_q54_uses_model_ranking_updates_m4_and_executes_every_arm[discoverybench-enabled3-preregistered_cost-b]" time="1.139" /></testsuite></testsuites>