<?xml version="1.0" encoding="utf-8"?><testsuites name="pytest tests"><testsuite name="pytest" errors="0" failures="0" skipped="0" tests="61" time="49.309" timestamp="2026-09-13T13:12:31.480139+08:00" hostname="SC-202507131830"><testcase classname="tests.test_modular_q54_causal_driver" name="test_q54_uses_model_ranking_updates_m4_and_executes_every_arm[blade-enabled0-subjective-a]" time="3.525" /><testcase classname="tests.test_modular_q54_causal_driver" name="test_q54_uses_model_ranking_updates_m4_and_executes_every_arm[blade-enabled0-preregistered_cost-b]" time="2.537" /><testcase classname="tests.test_modular_q54_causal_driver" name="test_q54_uses_model_ranking_updates_m4_and_executes_every_arm[blade-enabled1-subjective-a]" time="2.862" /><testcase classname="tests.test_modular_q54_causal_driver" name="test_q54_uses_model_ranking_updates_m4_and_executes_every_arm[blade-enabled1-preregistered_cost-b]" time="2.603" /><testcase classname="tests.test_modular_q54_causal_driver" name="test_q54_uses_model_ranking_updates_m4_and_executes_every_arm[blade-enabled2-subjective-a]" time="2.312" /><testcase classname="tests.test_modular_q54_causal_driver" name="test_q54_uses_model_ranking_updates_m4_and_executes_every_arm[blade-enabled2-preregistered_cost-b]" time="2.368" /><testcase classname="tests.test_modular_q54_causal_driver" name="test_q54_uses_model_ranking_updates_m4_and_executes_every_arm[blade-enabled3-subjective-a]" time="2.306" /><testcase classname="tests.test_modular_q54_causal_driver" name="test_q54_uses_model_ranking_updates_m4_and_executes_every_arm[blade-enabled3-preregistered_cost-b]" time="2.230" /><testcase classname="tests.test_modular_q54_causal_driver" name="test_q54_uses_model_ranking_updates_m4_and_executes_every_arm[discoverybench-enabled0-subjective-a]" time="2.106" /><testcase classname="tests.test_modular_q54_causal_driver" name="test_q54_uses_model_ranking_updates_m4_and_executes_every_arm[discoverybench-enabled0-preregistered_cost-b]" time="1.911" /><testcase classname="tests.test_modular_q54_causal_driver" name="test_q54_uses_model_ranking_updates_m4_and_executes_every_arm[discoverybench-enabled1-subjective-a]" time="2.018" /><testcase classname="tests.test_modular_q54_causal_driver" name="test_q54_uses_model_ranking_updates_m4_and_executes_every_arm[discoverybench-enabled1-preregistered_cost-b]" time="2.182" /><testcase classname="tests.test_modular_q54_causal_driver" name="test_q54_uses_model_ranking_updates_m4_and_executes_every_arm[discoverybench-enabled2-subjective-a]" time="1.963" /><testcase classname="tests.test_modular_q54_causal_driver" name="test_q54_uses_model_ranking_updates_m4_and_executes_every_arm[discoverybench-enabled2-preregistered_cost-b]" time="2.061" /><testcase classname="tests.test_modular_q54_causal_driver" name="test_q54_uses_model_ranking_updates_m4_and_executes_every_arm[discoverybench-enabled3-subjective-a]" time="2.446" /><testcase classname="tests.test_modular_q54_causal_driver" name="test_q54_uses_model_ranking_updates_m4_and_executes_every_arm[discoverybench-enabled3-preregistered_cost-b]" time="2.468" /><testcase classname="tests.test_modular_q54_causal_driver" name="test_authority_receipt_rejects_bad_aggregate_and_failed_execution_classification" time="0.001" /><testcase classname="tests.test_modular_q54_causal_driver" name="test_bundle_rejects_crlf_program_and_measurement_observable_drift" time="0.002" /><testcase classname="tests.test_modular_prediction_scenarios" name="test_registered_variants_capture_actual_frozen_plan_payloads[Q3.1-mechanism-blade]" time="0.001" /><testcase classname="tests.test_modular_prediction_scenarios" name="test_registered_variants_capture_actual_frozen_plan_payloads[Q3.1-mechanism-discovery]" time="0.001" /><testcase classname="tests.test_modular_prediction_scenarios" name="test_registered_variants_capture_actual_frozen_plan_payloads[Q3.1-computation-blade]" time="0.001" /><testcase classname="tests.test_modular_prediction_scenarios" name="test_registered_variants_capture_actual_frozen_plan_payloads[Q3.1-computation-discovery]" time="0.001" /><testcase classname="tests.test_modular_prediction_scenarios" name="test_registered_variants_capture_actual_frozen_plan_payloads[Q3.1-measurement-blade]" time="0.001" /><testcase classname="tests.test_modular_prediction_scenarios" name="test_registered_variants_capture_actual_frozen_plan_payloads[Q3.1-measurement-discovery]" time="0.001" /><testcase classname="tests.test_modular_prediction_scenarios" name="test_registered_variants_capture_actual_frozen_plan_payloads[Q3.2-joint-blade]" time="0.001" /><testcase classname="tests.test_modular_prediction_scenarios" name="test_registered_variants_capture_actual_frozen_plan_payloads[Q3.2-joint-discovery]" time="0.002" /><testcase classname="tests.test_modular_prediction_scenarios" name="test_registered_variants_capture_actual_frozen_plan_payloads[Q3.2-separate-blade]" time="0.002" /><testcase classname="tests.test_modular_prediction_scenarios" name="test_registered_variants_capture_actual_frozen_plan_payloads[Q3.2-separate-discovery]" time="0.002" /><testcase classname="tests.test_modular_prediction_scenarios" name="test_registered_variants_capture_actual_frozen_plan_payloads[Q5.2-zero_exit_same_prediction-blade]" time="0.001" /><testcase classname="tests.test_modular_prediction_scenarios" name="test_registered_variants_capture_actual_frozen_plan_payloads[Q5.2-zero_exit_same_prediction-discovery]" time="0.001" /><testcase classname="tests.test_modular_prediction_scenarios" name="test_registered_variants_capture_actual_frozen_plan_payloads[Q5.2-negative_control-blade]" time="0.001" /><testcase classname="tests.test_modular_prediction_scenarios" name="test_registered_variants_capture_actual_frozen_plan_payloads[Q5.2-negative_control-discovery]" time="0.001" /><testcase classname="tests.test_modular_prediction_scenarios" name="test_registered_variants_capture_actual_frozen_plan_payloads[Q5.3-same_mechanism-blade]" time="0.001" /><testcase classname="tests.test_modular_prediction_scenarios" name="test_registered_variants_capture_actual_frozen_plan_payloads[Q5.3-same_mechanism-discovery]" time="0.001" /><testcase classname="tests.test_modular_prediction_scenarios" name="test_registered_variants_capture_actual_frozen_plan_payloads[Q5.3-opposite_prediction-blade]" time="0.001" /><testcase classname="tests.test_modular_prediction_scenarios" name="test_registered_variants_capture_actual_frozen_plan_payloads[Q5.3-opposite_prediction-discovery]" time="0.001" /><testcase classname="tests.test_modular_prediction_scenarios" name="test_registered_variants_capture_actual_frozen_plan_payloads[Q5.3-title-blade]" time="0.001" /><testcase classname="tests.test_modular_prediction_scenarios" name="test_registered_variants_capture_actual_frozen_plan_payloads[Q5.3-title-discovery]" time="0.001" /><testcase classname="tests.test_modular_prediction_scenarios" name="test_registered_variants_capture_actual_frozen_plan_payloads[Q5.4-subjective-blade]" time="0.001" /><testcase classname="tests.test_modular_prediction_scenarios" name="test_registered_variants_capture_actual_frozen_plan_payloads[Q5.4-subjective-discovery]" time="0.001" /><testcase classname="tests.test_modular_prediction_scenarios" name="test_registered_variants_capture_actual_frozen_plan_payloads[Q5.4-preregistered_cost-blade]" time="0.001" /><testcase classname="tests.test_modular_prediction_scenarios" name="test_registered_variants_capture_actual_frozen_plan_payloads[Q5.4-preregistered_cost-discovery]" time="0.001" /><testcase classname="tests.test_modular_prediction_scenarios" name="test_joint_and_separate_have_same_budget_but_explicitly_different_evidence_layout" time="0.002" /><testcase classname="tests.test_modular_prediction_scenarios" name="test_q52_retains_zero_exit_as_engineering_status_and_requires_measurement" time="0.001" /><testcase classname="tests.test_modular_prediction_scenarios" name="test_q53_dedup_uses_mechanism_and_prediction_not_titles" time="0.002" /><testcase classname="tests.test_modular_prediction_scenarios" name="test_q54_selection_is_within_claimed_item_and_leaves_outer_fifo_untouched" time="0.002" /><testcase classname="tests.test_modular_prediction_scenarios" name="test_closed_controls_and_callback_classification_boundaries" time="0.001" /><testcase classname="tests.test_modular_retrieval_exploration" name="test_three_lane_retrieval_uses_frozen_bundle_and_deduplicates_roots" time="0.001" /><testcase classname="tests.test_modular_retrieval_exploration" name="test_retrieval_does_not_call_provider_without_a_frozen_trigger" time="0.001" /><testcase classname="tests.test_modular_retrieval_exploration" name="test_feasibility_requires_all_stages_and_train_only_appeals" time="0.001" /><testcase classname="tests.test_modular_retrieval_exploration" name="test_instrument_repair_requires_new_execution_for_invalidated_evidence" time="0.001" /><testcase classname="tests.test_label_isolation" name="test_every_task_has_a_label" time="0.101" /><testcase classname="tests.test_label_isolation" name="test_prompts_do_not_contain_label_payloads" time="0.894" /><testcase classname="tests.test_label_isolation" name="test_error_catching_every_task_has_a_label" time="0.064" /><testcase classname="tests.test_label_isolation" name="test_error_catching_prompts_do_not_contain_label_payloads" time="0.179" /><testcase classname="tests.test_label_isolation" name="test_iteration_every_task_has_a_label" time="0.117" /><testcase classname="tests.test_label_isolation" name="test_iteration_prompts_do_not_contain_label_payloads" time="0.278" /><testcase classname="tests.test_label_isolation" name="test_audit_contrast_every_task_has_a_label" time="0.054" /><testcase classname="tests.test_label_isolation" name="test_audit_contrast_prompts_do_not_contain_label_payloads" time="0.454" /><testcase classname="tests.test_label_isolation" name="test_true_lock_every_task_has_a_label" time="0.035" /><testcase classname="tests.test_label_isolation" name="test_true_lock_prompts_omit_gold_rule" time="0.341" /></testsuite></testsuites>