<?xml version="1.0" encoding="utf-8"?><testsuites name="pytest tests"><testsuite name="pytest" errors="0" failures="0" skipped="0" tests="10" time="158.387" timestamp="2026-09-13T12:58:37.635553+08:00" hostname="SC-202507131830"><testcase classname="tests.test_modular_exploration_panel_drivers" name="test_freeze_complete_grid_without_any_external_call" time="0.049" /><testcase classname="tests.test_modular_exploration_panel_drivers" name="test_full_52_cell_real_docker_grid_keeps_prospective_and_actual_denominators" time="141.300" /><testcase classname="tests.test_modular_exploration_panel_drivers" name="test_legitimate_hard_missing_conditions_remain_in_both_arm_denominators[authorization]" time="3.794" /><testcase classname="tests.test_modular_exploration_panel_drivers" name="test_legitimate_hard_missing_conditions_remain_in_both_arm_denominators[resource]" time="3.494" /><testcase classname="tests.test_modular_exploration_panel_drivers" name="test_authority_failures_preserve_reserved_calls_and_unknown_cost[transport]" time="1.051" /><testcase classname="tests.test_modular_exploration_panel_drivers" name="test_authority_failures_preserve_reserved_calls_and_unknown_cost[source]" time="0.776" /><testcase classname="tests.test_modular_exploration_panel_drivers" name="test_authority_failures_preserve_reserved_calls_and_unknown_cost[subject]" time="0.800" /><testcase classname="tests.test_modular_exploration_panel_drivers" name="test_authority_failures_preserve_reserved_calls_and_unknown_cost[bad_signature]" time="0.947" /><testcase classname="tests.test_modular_exploration_panel_drivers" name="test_authority_failures_preserve_reserved_calls_and_unknown_cost[audit_subject]" time="2.260" /><testcase classname="tests.test_modular_exploration_panel_drivers" name="test_unknown_cost_and_unchanged_candidate_reach_fixed_p0_gate" time="3.745" /></testsuite></testsuites>