<?xml version="1.0" encoding="utf-8"?><testsuites name="pytest tests"><testsuite name="pytest" errors="0" failures="0" skipped="0" tests="10" time="21.569" timestamp="2026-09-13T13:10:46.458743+08:00" hostname="SC-202507131830"><testcase classname="tests.test_modular_exploration_panel_drivers" name="test_freeze_complete_grid_without_any_external_call" time="0.085" /><testcase classname="tests.test_modular_exploration_panel_drivers" name="test_boolean_budget_cannot_impersonate_integer_opportunity" time="0.097" /><testcase classname="tests.test_modular_exploration_panel_drivers" name="test_legitimate_hard_missing_conditions_remain_in_both_arm_denominators[Q7.1-low_cost-4-authorization]" time="5.289" /><testcase classname="tests.test_modular_exploration_panel_drivers" name="test_legitimate_hard_missing_conditions_remain_in_both_arm_denominators[Q7.1-low_cost-4-resource]" time="5.499" /><testcase classname="tests.test_modular_exploration_panel_drivers" name="test_legitimate_hard_missing_conditions_remain_in_both_arm_denominators[Q7.2-deterministic-2-authorization]" time="2.448" /><testcase classname="tests.test_modular_exploration_panel_drivers" name="test_legitimate_hard_missing_conditions_remain_in_both_arm_denominators[Q7.2-deterministic-2-resource]" time="3.168" /><testcase classname="tests.test_modular_exploration_panel_drivers" name="test_bad_actual_source_spends_no_model_or_verifier_opportunity" time="0.204" /><testcase classname="tests.test_modular_exploration_panel_drivers" name="test_both_candidates_checked_even_if_bad_second_one_not_proposed" time="0.228" /><testcase classname="tests.test_modular_exploration_panel_drivers" name="test_partial_transport_receipt_and_cost_are_persisted_before_failure[partial_known]" time="0.712" /><testcase classname="tests.test_modular_exploration_panel_drivers" name="test_partial_transport_receipt_and_cost_are_persisted_before_failure[partial_unknown]" time="1.147" /></testsuite></testsuites>