<?xml version="1.0" encoding="utf-8"?><testsuites name="pytest tests"><testsuite name="pytest" errors="0" failures="0" skipped="0" tests="48" time="112.450" timestamp="2026-09-13T13:02:37.716689+08:00" hostname="SC-202507131830"><testcase classname="tests.test_modular_exploration_panel_drivers" name="test_freeze_complete_grid_without_any_external_call" time="0.046" /><testcase classname="tests.test_modular_exploration_panel_drivers" name="test_full_52_cell_real_docker_grid_keeps_prospective_and_actual_denominators" time="74.539" /><testcase classname="tests.test_modular_exploration_panel_drivers" name="test_legitimate_hard_missing_conditions_remain_in_both_arm_denominators[Q7.1-low_cost-4-authorization]" time="2.644" /><testcase classname="tests.test_modular_exploration_panel_drivers" name="test_legitimate_hard_missing_conditions_remain_in_both_arm_denominators[Q7.1-low_cost-4-resource]" time="2.832" /><testcase classname="tests.test_modular_exploration_panel_drivers" name="test_legitimate_hard_missing_conditions_remain_in_both_arm_denominators[Q7.2-deterministic-2-authorization]" time="1.631" /><testcase classname="tests.test_modular_exploration_panel_drivers" name="test_legitimate_hard_missing_conditions_remain_in_both_arm_denominators[Q7.2-deterministic-2-resource]" time="1.541" /><testcase classname="tests.test_modular_exploration_panel_drivers" name="test_actual_diagnostic_does_not_clear_unrepaired_deterministic_block" time="1.615" /><testcase classname="tests.test_modular_exploration_panel_drivers" name="test_authority_failures_preserve_reserved_calls_and_unknown_cost[transport]" time="0.440" /><testcase classname="tests.test_modular_exploration_panel_drivers" name="test_authority_failures_preserve_reserved_calls_and_unknown_cost[source]" time="0.425" /><testcase classname="tests.test_modular_exploration_panel_drivers" name="test_authority_failures_preserve_reserved_calls_and_unknown_cost[subject]" time="0.434" /><testcase classname="tests.test_modular_exploration_panel_drivers" name="test_authority_failures_preserve_reserved_calls_and_unknown_cost[bad_signature]" time="0.490" /><testcase classname="tests.test_modular_exploration_panel_drivers" name="test_authority_failures_preserve_reserved_calls_and_unknown_cost[audit_subject]" time="1.179" /><testcase classname="tests.test_modular_exploration_panel_drivers" name="test_unknown_cost_and_unchanged_candidate_reach_fixed_p0_gate" time="1.357" /><testcase classname="tests.test_modular_retrieval_exploration" name="test_three_lane_retrieval_uses_frozen_bundle_and_deduplicates_roots" time="0.001" /><testcase classname="tests.test_modular_retrieval_exploration" name="test_retrieval_does_not_call_provider_without_a_frozen_trigger" time="0.001" /><testcase classname="tests.test_modular_retrieval_exploration" name="test_feasibility_requires_all_stages_and_train_only_appeals" time="0.002" /><testcase classname="tests.test_modular_retrieval_exploration" name="test_instrument_repair_requires_new_execution_for_invalidated_evidence" time="0.000" /><testcase classname="tests.test_modular_exploration_scenarios" name="test_all_registered_q7_variants_call_next_payload_on_both_public_adapter_forms[Q7.1-low_cost]" time="0.002" /><testcase classname="tests.test_modular_exploration_scenarios" name="test_all_registered_q7_variants_call_next_payload_on_both_public_adapter_forms[Q7.1-data_unknown]" time="0.003" /><testcase classname="tests.test_modular_exploration_scenarios" name="test_all_registered_q7_variants_call_next_payload_on_both_public_adapter_forms[Q7.1-measurement_repair]" time="0.003" /><testcase classname="tests.test_modular_exploration_scenarios" name="test_all_registered_q7_variants_call_next_payload_on_both_public_adapter_forms[Q7.1-valid_negative]" time="0.002" /><testcase classname="tests.test_modular_exploration_scenarios" name="test_all_registered_q7_variants_call_next_payload_on_both_public_adapter_forms[Q7.1-conflict]" time="0.003" /><testcase classname="tests.test_modular_exploration_scenarios" name="test_all_registered_q7_variants_call_next_payload_on_both_public_adapter_forms[Q7.2-deterministic]" time="0.002" /><testcase classname="tests.test_modular_exploration_scenarios" name="test_all_registered_q7_variants_call_next_payload_on_both_public_adapter_forms[Q7.2-insufficient]" time="0.001" /><testcase classname="tests.test_modular_exploration_scenarios" name="test_all_registered_q7_variants_call_next_payload_on_both_public_adapter_forms[Q7.2-value]" time="0.002" /><testcase classname="tests.test_modular_exploration_scenarios" name="test_all_registered_q7_variants_call_next_payload_on_both_public_adapter_forms[Q7.3-zero]" time="2.731" /><testcase classname="tests.test_modular_exploration_scenarios" name="test_all_registered_q7_variants_call_next_payload_on_both_public_adapter_forms[Q7.3-low]" time="2.749" /><testcase classname="tests.test_modular_exploration_scenarios" name="test_all_registered_q7_variants_call_next_payload_on_both_public_adapter_forms[Q7.3-medium]" time="4.598" /><testcase classname="tests.test_modular_exploration_scenarios" name="test_all_registered_q7_variants_call_next_payload_on_both_public_adapter_forms[Q7.3-high]" time="4.800" /><testcase classname="tests.test_modular_exploration_scenarios" name="test_all_registered_q7_variants_call_next_payload_on_both_public_adapter_forms[Q7.4-invalid_measure]" time="0.730" /><testcase classname="tests.test_modular_exploration_scenarios" name="test_all_registered_q7_variants_call_next_payload_on_both_public_adapter_forms[Q7.4-repair]" time="2.118" /><testcase classname="tests.test_modular_exploration_scenarios" name="test_all_registered_q7_variants_call_next_payload_on_both_public_adapter_forms[Q7.4-old_evidence]" time="0.882" /><testcase classname="tests.test_modular_exploration_scenarios" name="test_all_registered_q7_variants_call_next_payload_on_both_public_adapter_forms[Q7.5-valid_known]" time="0.001" /><testcase classname="tests.test_modular_exploration_scenarios" name="test_all_registered_q7_variants_call_next_payload_on_both_public_adapter_forms[Q7.5-novel_refuted]" time="0.001" /><testcase classname="tests.test_modular_exploration_scenarios" name="test_all_registered_q7_variants_call_next_payload_on_both_public_adapter_forms[Q7.5-infeasible]" time="0.001" /><testcase classname="tests.test_modular_exploration_scenarios" name="test_all_registered_q7_variants_call_next_payload_on_both_public_adapter_forms[Q7.5-easy_valid]" time="0.001" /><testcase classname="tests.test_modular_exploration_scenarios" name="test_all_registered_q7_variants_call_next_payload_on_both_public_adapter_forms[Q7.6-contract_only]" time="0.001" /><testcase classname="tests.test_modular_exploration_scenarios" name="test_all_registered_q7_variants_call_next_payload_on_both_public_adapter_forms[Q7.6-real_counterexample]" time="0.001" /><testcase classname="tests.test_modular_exploration_scenarios" name="test_q71_keeps_exploration_permission_and_evidence_admission_separate" time="0.001" /><testcase classname="tests.test_modular_exploration_scenarios" name="test_q72_distinguishes_hard_block_from_insufficiency_and_value_appeals" time="0.001" /><testcase classname="tests.test_modular_exploration_scenarios" name="test_q73_refuses_validation_before_iterating_score_rows" time="0.000" /><testcase classname="tests.test_modular_exploration_scenarios" name="test_q73_full_scenario_rejects_validation_before_any_ratio_execution" time="0.001" /><testcase classname="tests.test_modular_exploration_scenarios" name="test_q73_selects_finite_train_ratio_and_never_places_score_rows_in_model_payload" time="2.752" /><testcase classname="tests.test_modular_exploration_scenarios" name="test_q74_repair_never_resurrects_old_invalid_evidence" time="0.816" /><testcase classname="tests.test_modular_exploration_scenarios" name="test_q74_withdraws_previously_admitted_old_positive_and_negative_controls" time="0.708" /><testcase classname="tests.test_modular_exploration_scenarios" name="test_q75_preserves_four_dimensions_and_m2_relations" time="0.001" /><testcase classname="tests.test_modular_exploration_scenarios" name="test_q76_authentic_contract_admission_is_not_semantic_truth_and_callback_is_real" time="0.001" /><testcase classname="tests.test_modular_exploration_scenarios" name="test_closed_controls_reject_task_drift" time="0.001" /></testsuite></testsuites>