<?xml version="1.0" encoding="utf-8"?><testsuites name="pytest tests"><testsuite name="pytest" errors="0" failures="0" skipped="0" tests="14" time="200.060" timestamp="2026-09-13T13:05:15.717364+08:00" hostname="SC-202507131830"><testcase classname="tests.test_modular_exploration_panel_drivers" name="test_freeze_complete_grid_without_any_external_call" time="0.083" /><testcase classname="tests.test_modular_exploration_panel_drivers" name="test_boolean_budget_cannot_impersonate_integer_opportunity" time="0.053" /><testcase classname="tests.test_modular_exploration_panel_drivers" name="test_full_52_cell_real_docker_grid_keeps_prospective_and_actual_denominators" time="165.580" /><testcase classname="tests.test_modular_exploration_panel_drivers" name="test_legitimate_hard_missing_conditions_remain_in_both_arm_denominators[Q7.1-low_cost-4-authorization]" time="8.654" /><testcase classname="tests.test_modular_exploration_panel_drivers" name="test_legitimate_hard_missing_conditions_remain_in_both_arm_denominators[Q7.1-low_cost-4-resource]" time="7.853" /><testcase classname="tests.test_modular_exploration_panel_drivers" name="test_legitimate_hard_missing_conditions_remain_in_both_arm_denominators[Q7.2-deterministic-2-authorization]" time="4.049" /><testcase classname="tests.test_modular_exploration_panel_drivers" name="test_legitimate_hard_missing_conditions_remain_in_both_arm_denominators[Q7.2-deterministic-2-resource]" time="3.442" /><testcase classname="tests.test_modular_exploration_panel_drivers" name="test_actual_diagnostic_does_not_clear_unrepaired_deterministic_block" time="2.008" /><testcase classname="tests.test_modular_exploration_panel_drivers" name="test_authority_failures_preserve_reserved_calls_and_unknown_cost[transport]" time="0.655" /><testcase classname="tests.test_modular_exploration_panel_drivers" name="test_authority_failures_preserve_reserved_calls_and_unknown_cost[source]" time="0.631" /><testcase classname="tests.test_modular_exploration_panel_drivers" name="test_authority_failures_preserve_reserved_calls_and_unknown_cost[subject]" time="0.683" /><testcase classname="tests.test_modular_exploration_panel_drivers" name="test_authority_failures_preserve_reserved_calls_and_unknown_cost[bad_signature]" time="0.691" /><testcase classname="tests.test_modular_exploration_panel_drivers" name="test_authority_failures_preserve_reserved_calls_and_unknown_cost[audit_subject]" time="1.899" /><testcase classname="tests.test_modular_exploration_panel_drivers" name="test_unknown_cost_and_unchanged_candidate_reach_fixed_p0_gate" time="2.550" /></testsuite></testsuites>