<?xml version="1.0" encoding="utf-8"?><testsuites name="pytest tests"><testsuite name="pytest" errors="0" failures="0" skipped="0" tests="20" time="198.335" timestamp="2026-09-13T13:11:48.056093+08:00" hostname="SC-202507131830"><testcase classname="tests.test_modular_exploration_panel_drivers" name="test_freeze_complete_grid_without_any_external_call" time="0.088" /><testcase classname="tests.test_modular_exploration_panel_drivers" name="test_boolean_budget_cannot_impersonate_integer_opportunity" time="0.106" /><testcase classname="tests.test_modular_exploration_panel_drivers" name="test_full_52_cell_real_docker_grid_keeps_prospective_and_actual_denominators" time="164.439" /><testcase classname="tests.test_modular_exploration_panel_drivers" name="test_legitimate_hard_missing_conditions_remain_in_both_arm_denominators[Q7.1-low_cost-4-authorization]" time="5.330" /><testcase classname="tests.test_modular_exploration_panel_drivers" name="test_legitimate_hard_missing_conditions_remain_in_both_arm_denominators[Q7.1-low_cost-4-resource]" time="5.300" /><testcase classname="tests.test_modular_exploration_panel_drivers" name="test_legitimate_hard_missing_conditions_remain_in_both_arm_denominators[Q7.2-deterministic-2-authorization]" time="2.561" /><testcase classname="tests.test_modular_exploration_panel_drivers" name="test_legitimate_hard_missing_conditions_remain_in_both_arm_denominators[Q7.2-deterministic-2-resource]" time="2.726" /><testcase classname="tests.test_modular_exploration_panel_drivers" name="test_actual_diagnostic_does_not_clear_unrepaired_deterministic_block" time="2.662" /><testcase classname="tests.test_modular_exploration_panel_drivers" name="test_authority_failures_preserve_reserved_calls_and_unknown_cost[transport]" time="0.581" /><testcase classname="tests.test_modular_exploration_panel_drivers" name="test_authority_failures_preserve_reserved_calls_and_unknown_cost[source]" time="0.835" /><testcase classname="tests.test_modular_exploration_panel_drivers" name="test_authority_failures_preserve_reserved_calls_and_unknown_cost[subject]" time="0.865" /><testcase classname="tests.test_modular_exploration_panel_drivers" name="test_authority_failures_preserve_reserved_calls_and_unknown_cost[bad_signature]" time="0.691" /><testcase classname="tests.test_modular_exploration_panel_drivers" name="test_authority_failures_preserve_reserved_calls_and_unknown_cost[audit_subject]" time="2.332" /><testcase classname="tests.test_modular_exploration_panel_drivers" name="test_unknown_cost_and_unchanged_candidate_reach_fixed_p0_gate" time="2.330" /><testcase classname="tests.test_modular_exploration_panel_drivers" name="test_bad_actual_source_spends_no_model_or_verifier_opportunity" time="0.338" /><testcase classname="tests.test_modular_exploration_panel_drivers" name="test_both_candidates_checked_even_if_bad_second_one_not_proposed" time="0.223" /><testcase classname="tests.test_modular_exploration_panel_drivers" name="test_actual_bytes_drift_after_docker_never_reaches_observation_verifier[input]" time="1.612" /><testcase classname="tests.test_modular_exploration_panel_drivers" name="test_actual_bytes_drift_after_docker_never_reaches_observation_verifier[program]" time="1.074" /><testcase classname="tests.test_modular_exploration_panel_drivers" name="test_partial_transport_receipt_and_cost_are_persisted_before_failure[partial_known]" time="0.700" /><testcase classname="tests.test_modular_exploration_panel_drivers" name="test_partial_transport_receipt_and_cost_are_persisted_before_failure[partial_unknown]" time="0.727" /></testsuite></testsuites>