<?xml version="1.0" encoding="utf-8"?><testsuites><testsuite name="pytest" errors="0" failures="0" skipped="0" tests="67" time="25.843" timestamp="2026-09-13T12:12:51.715590" hostname="SC-202507131830"><testcase classname="tests.test_fresh_airs_custodian" name="test_synthetic_dynamic_keys_gold_code_and_text_never_leave_custody" time="0.647" /><testcase classname="tests.test_fresh_airs_custodian" name="test_recursive_allowlist_refuses_dynamic_output_channels[top]" time="0.401" /><testcase classname="tests.test_fresh_airs_custodian" name="test_recursive_allowlist_refuses_dynamic_output_channels[nested]" time="0.362" /><testcase classname="tests.test_fresh_airs_custodian" name="test_recursive_allowlist_refuses_dynamic_output_channels[value]" time="0.470" /><testcase classname="tests.test_fresh_airs_custodian" name="test_recursive_allowlist_refuses_dynamic_output_channels[type]" time="0.363" /><testcase classname="tests.test_fresh_airs_custodian" name="test_recursive_allowlist_refuses_dynamic_output_channels[token]" time="0.359" /><testcase classname="tests.test_fresh_airs_custodian" name="test_tampered_archive_retains_first_fetch_events_and_cannot_export" time="0.376" /><testcase classname="tests.test_fresh_airs_custodian" name="test_cli_suppresses_library_stdout_stderr_and_exception_content" time="0.002" /><testcase classname="tests.test_fresh_airs_custodian" name="test_real_entrypoint_with_synthetic_transport_exports_only_validated_receipt" time="0.415" /><testcase classname="tests.test_fresh_airs_custodian" name="test_equivalent_factor_and_artifact_fingerprints_detect_overlap" time="1.082" /><testcase classname="tests.test_fresh_airs_custodian" name="test_source_bound_group_tokens_are_not_cross_source_lineage_evidence" time="0.382" /><testcase classname="tests.test_fresh_airs_hf_custodian" name="test_hf_cli_seals_pin_and_never_exports_dynamic_keys_or_task_content" time="0.723" /><testcase classname="tests.test_fresh_airs_hf_custodian" name="test_fixed_error_categories_do_not_export_exception_text[error0-http]" time="0.000" /><testcase classname="tests.test_fresh_airs_hf_custodian" name="test_fixed_error_categories_do_not_export_exception_text[error1-tls]" time="0.000" /><testcase classname="tests.test_fresh_airs_hf_custodian" name="test_fixed_error_categories_do_not_export_exception_text[error2-timeout]" time="0.000" /><testcase classname="tests.test_fresh_airs_hf_custodian" name="test_fixed_error_categories_do_not_export_exception_text[error3-network]" time="0.000" /><testcase classname="tests.test_fresh_airs_hf_custodian" name="test_fixed_error_categories_do_not_export_exception_text[error4-other]" time="0.000" /><testcase classname="tests.test_fresh_airs_hf_custodian" name="test_fetch_failure_keeps_events_and_exports_only_fixed_failure_fields" time="0.290" /><testcase classname="tests.test_fresh_airs_hf_custodian" name="test_hf_hash_mismatch_does_not_parse_or_publish" time="0.508" /><testcase classname="tests.test_fresh_airs_hf_custodian" name="test_hf_public_schema_rejects_extra_nested_mapping_key" time="0.481" /><testcase classname="tests.test_fresh_airs_hf_custodian" name="test_metadata_only_emits_no_dynamic_names_and_fetches_no_payload" time="0.384" /><testcase classname="tests.test_fresh_airs_hf_custodian" name="test_changed_predeclared_pin_refused_before_payload_download" time="0.308" /><testcase classname="tests.test_fresh_airs_hf_custodian" name="test_csv_transport_large_private_fields_remain_behind_public_allowlist" time="0.510" /><testcase classname="tests.test_fresh_airs_hf_custodian" name="test_live_qualification_binds_safe_receipt_and_does_not_promote_validation" time="0.007" /><testcase classname="tests.test_fresh_airs_hf_custodian" name="test_unverified_parser_format_is_refused_before_payload_fetch" time="0.690" /><testcase classname="tests.test_modular_panel_runner" name="test_q31_train_panel_runs_real_journals_for_both_public_adapters" time="3.336" /><testcase classname="tests.test_modular_panel_runner" name="test_runner_rejects_validation_identity_scenario_package_and_unsupported_driver" time="0.004" /><testcase classname="tests.test_modular_panel_runner" name="test_scorer_port_must_return_trace_and_scorer_bound_typed_receipt" time="0.261" /><testcase classname="tests.test_modular_panel_runner" name="test_model_or_plan_failure_returns_a_trace_bound_failed_cell" time="0.149" /><testcase classname="tests.test_modular_panel_runner" name="test_q31_driver_rejects_a_schema_valid_but_underfilled_prediction_response" time="0.170" /><testcase classname="tests.test_modular_panel_runner" name="test_complete_panel_accepts_bound_driver_and_model_failures_and_rejects_tampering" time="3.258" /><testcase classname="tests.test_modular_protocol_scenarios" name="test_all_protocol_faults_block_actual_gate_or_receipt[Q2.6-secondary_win-blade]" time="0.260" /><testcase classname="tests.test_modular_protocol_scenarios" name="test_all_protocol_faults_block_actual_gate_or_receipt[Q2.6-secondary_win-discoverybench]" time="0.185" /><testcase classname="tests.test_modular_protocol_scenarios" name="test_all_protocol_faults_block_actual_gate_or_receipt[Q2.6-maintenance-blade]" time="0.200" /><testcase classname="tests.test_modular_protocol_scenarios" name="test_all_protocol_faults_block_actual_gate_or_receipt[Q2.6-maintenance-discoverybench]" time="0.301" /><testcase classname="tests.test_modular_protocol_scenarios" name="test_all_protocol_faults_block_actual_gate_or_receipt[Q2.6-late_pivot-blade]" time="0.192" /><testcase classname="tests.test_modular_protocol_scenarios" name="test_all_protocol_faults_block_actual_gate_or_receipt[Q2.6-late_pivot-discoverybench]" time="0.189" /><testcase classname="tests.test_modular_protocol_scenarios" name="test_all_protocol_faults_block_actual_gate_or_receipt[Q2.7-missing_lock-blade]" time="0.325" /><testcase classname="tests.test_modular_protocol_scenarios" name="test_all_protocol_faults_block_actual_gate_or_receipt[Q2.7-missing_lock-discoverybench]" time="0.500" /><testcase classname="tests.test_modular_protocol_scenarios" name="test_all_protocol_faults_block_actual_gate_or_receipt[Q2.7-missing_execution-blade]" time="0.178" /><testcase classname="tests.test_modular_protocol_scenarios" name="test_all_protocol_faults_block_actual_gate_or_receipt[Q2.7-missing_execution-discoverybench]" time="0.179" /><testcase classname="tests.test_modular_protocol_scenarios" name="test_all_protocol_faults_block_actual_gate_or_receipt[Q2.7-missing_audit-blade]" time="0.267" /><testcase classname="tests.test_modular_protocol_scenarios" name="test_all_protocol_faults_block_actual_gate_or_receipt[Q2.7-missing_audit-discoverybench]" time="0.266" /><testcase classname="tests.test_modular_protocol_scenarios" name="test_all_protocol_faults_block_actual_gate_or_receipt[Q2.7-illegal_state-blade]" time="0.567" /><testcase classname="tests.test_modular_protocol_scenarios" name="test_all_protocol_faults_block_actual_gate_or_receipt[Q2.7-illegal_state-discoverybench]" time="0.391" /><testcase classname="tests.test_modular_protocol_scenarios" name="test_q26_actual_model_can_preserve_unknown_without_accepting_the_proposed_pivot" time="0.289" /><testcase classname="tests.test_modular_protocol_scenarios" name="test_protocol_replay_rejects_rechained_missing_steps_and_false_terminal_decisions[execution]" time="0.422" /><testcase classname="tests.test_modular_protocol_scenarios" name="test_protocol_replay_rejects_rechained_missing_steps_and_false_terminal_decisions[audit]" time="0.575" /><testcase classname="tests.test_modular_protocol_scenarios" name="test_protocol_replay_rejects_rechained_missing_steps_and_false_terminal_decisions[request]" time="0.427" /><testcase classname="tests.test_modular_protocol_scenarios" name="test_protocol_replay_rejects_rechained_missing_steps_and_false_terminal_decisions[illegal_state]" time="0.384" /><testcase classname="tests.test_modular_protocol_scenarios" name="test_protocol_replay_rejects_rechained_missing_steps_and_false_terminal_decisions[candidate_swap]" time="0.367" /><testcase classname="tests.test_modular_protocol_scenarios" name="test_protocol_replay_rejects_rechained_missing_steps_and_false_terminal_decisions[late_event]" time="0.318" /><testcase classname="tests.test_modular_protocol_scenarios" name="test_protocol_replay_rejects_rechained_missing_steps_and_false_terminal_decisions[fake_envelope]" time="0.435" /><testcase classname="tests.test_modular_protocol_scenarios" name="test_protocol_replay_rejects_rechained_missing_steps_and_false_terminal_decisions[fake_audits]" time="0.440" /><testcase classname="tests.test_modular_protocol_scenarios" name="test_protocol_replay_rejects_rechained_missing_steps_and_false_terminal_decisions[incomplete_unknown]" time="0.566" /><testcase classname="tests.test_modular_protocol_scenarios" name="test_replay_is_not_a_signature_or_scientific_truth_verifier" time="0.426" /><testcase classname="tests.test_modular_protocol_scenarios" name="test_terminal_unavailable_execution_cannot_be_followed_by_model_calls" time="0.432" /><testcase classname="tests.test_label_isolation" name="test_every_task_has_a_label" time="0.001" /><testcase classname="tests.test_label_isolation" name="test_prompts_do_not_contain_label_payloads" time="0.128" /><testcase classname="tests.test_label_isolation" name="test_error_catching_every_task_has_a_label" time="0.001" /><testcase classname="tests.test_label_isolation" name="test_error_catching_prompts_do_not_contain_label_payloads" time="0.009" /><testcase classname="tests.test_label_isolation" name="test_iteration_every_task_has_a_label" time="0.001" /><testcase classname="tests.test_label_isolation" name="test_iteration_prompts_do_not_contain_label_payloads" time="0.018" /><testcase classname="tests.test_label_isolation" name="test_audit_contrast_every_task_has_a_label" time="0.001" /><testcase classname="tests.test_label_isolation" name="test_audit_contrast_prompts_do_not_contain_label_payloads" time="0.041" /><testcase classname="tests.test_label_isolation" name="test_true_lock_every_task_has_a_label" time="0.001" /><testcase classname="tests.test_label_isolation" name="test_true_lock_prompts_omit_gold_rule" time="0.028" /></testsuite></testsuites>