<?xml version="1.0" encoding="utf-8"?><testsuites name="pytest tests"><testsuite name="pytest" errors="0" failures="0" skipped="0" tests="21" time="134.088" timestamp="2026-09-13T13:54:13.724972+08:00" hostname="SC-202507131830"><testcase classname="tests.test_modular_completed_cell_recovery" name="test_recovery_replays_original_success_and_failures_without_writing_or_execution[succeeded]" time="2.145" /><testcase classname="tests.test_modular_completed_cell_recovery" name="test_recovery_replays_original_success_and_failures_without_writing_or_execution[failed]" time="1.378" /><testcase classname="tests.test_modular_completed_cell_recovery" name="test_recovery_replays_original_success_and_failures_without_writing_or_execution[mechanism_failed]" time="0.392" /><testcase classname="tests.test_scorer_process" name="test_actual_stdio_worker_scores_two_benchmark_cells_without_exposing_private_reference" time="21.234" /><testcase classname="tests.test_scorer_process" name="test_utf8_signed_candidate_survives_a_gbk_worker_locale" time="18.668" /><testcase classname="tests.test_scorer_process" name="test_rejects_validation_or_mismatched_frozen_dependencies_before_evaluator[validation]" time="18.196" /><testcase classname="tests.test_scorer_process" name="test_rejects_validation_or_mismatched_frozen_dependencies_before_evaluator[scorer]" time="16.220" /><testcase classname="tests.test_scorer_process" name="test_rejects_validation_or_mismatched_frozen_dependencies_before_evaluator[handles]" time="14.055" /><testcase classname="tests.test_scorer_process" name="test_rejects_validation_or_mismatched_frozen_dependencies_before_evaluator[store_row]" time="12.689" /><testcase classname="tests.test_scorer_process" name="test_unknown_server_reservation_is_not_retried_or_double_scored" time="13.977" /><testcase classname="tests.test_scorer_process" name="test_malformed_client_journal_refuses_before_spawning_worker" time="14.174" /><testcase classname="tests.test_label_isolation" name="test_every_task_has_a_label" time="0.001" /><testcase classname="tests.test_label_isolation" name="test_prompts_do_not_contain_label_payloads" time="0.010" /><testcase classname="tests.test_label_isolation" name="test_error_catching_every_task_has_a_label" time="0.001" /><testcase classname="tests.test_label_isolation" name="test_error_catching_prompts_do_not_contain_label_payloads" time="0.002" /><testcase classname="tests.test_label_isolation" name="test_iteration_every_task_has_a_label" time="0.001" /><testcase classname="tests.test_label_isolation" name="test_iteration_prompts_do_not_contain_label_payloads" time="0.003" /><testcase classname="tests.test_label_isolation" name="test_audit_contrast_every_task_has_a_label" time="0.001" /><testcase classname="tests.test_label_isolation" name="test_audit_contrast_prompts_do_not_contain_label_payloads" time="0.005" /><testcase classname="tests.test_label_isolation" name="test_true_lock_every_task_has_a_label" time="0.001" /><testcase classname="tests.test_label_isolation" name="test_true_lock_prompts_omit_gold_rule" time="0.005" /></testsuite></testsuites>