<?xml version="1.0" encoding="utf-8"?><testsuites name="pytest tests"><testsuite name="pytest" errors="0" failures="0" skipped="0" tests="68" time="466.931" timestamp="2026-09-13T13:39:37.830567+08:00" hostname="SC-202507131830"><testcase classname="tests.test_modular_feasibility_train_controller" name="test_feasibility_full_grid_uses_only_exported_train_csv_and_real_port[Q5.1-20]" time="44.687" /><testcase classname="tests.test_modular_feasibility_train_controller" name="test_feasibility_full_grid_uses_only_exported_train_csv_and_real_port[Q5.2-16]" time="30.160" /><testcase classname="tests.test_modular_exploration_train_controller" name="test_complete_exploration_grid_uses_real_export_ports_and_fixed_p0" time="82.718" /><testcase classname="tests.test_modular_exploration_train_controller" name="test_foreign_input_declaration_rejected_before_any_panel_call" time="0.190" /><testcase classname="tests.test_modular_feasibility_panel_drivers" name="test_full_36_cell_grid_real_docker_causal_decisions_and_matched_opportunities" time="60.172" /><testcase classname="tests.test_modular_feasibility_panel_drivers" name="test_verifier_failures_keep_attempts_costs_and_close_before_final[transport]" time="1.648" /><testcase classname="tests.test_modular_feasibility_panel_drivers" name="test_verifier_failures_keep_attempts_costs_and_close_before_final[subject]" time="2.162" /><testcase classname="tests.test_modular_feasibility_panel_drivers" name="test_verifier_failures_keep_attempts_costs_and_close_before_final[nonboolean]" time="2.032" /><testcase classname="tests.test_modular_feasibility_panel_drivers" name="test_verifier_failures_keep_attempts_costs_and_close_before_final[same_observation]" time="2.665" /><testcase classname="tests.test_modular_feasibility_panel_drivers" name="test_verifier_failures_keep_attempts_costs_and_close_before_final[foreign_source]" time="1.886" /><testcase classname="tests.test_modular_feasibility_panel_drivers" name="test_verifier_failures_keep_attempts_costs_and_close_before_final[unknown_classification]" time="2.196" /><testcase classname="tests.test_modular_feasibility_panel_drivers" name="test_verifier_failures_keep_attempts_costs_and_close_before_final[bad_signature]" time="2.113" /><testcase classname="tests.test_modular_feasibility_panel_drivers" name="test_nonpassed_measurement_never_definitely_classifies[unknown]" time="2.521" /><testcase classname="tests.test_modular_feasibility_panel_drivers" name="test_nonpassed_measurement_never_definitely_classifies[failed]" time="2.669" /><testcase classname="tests.test_modular_feasibility_panel_drivers" name="test_nonpassed_measurement_never_definitely_classifies[data_unknown]" time="2.449" /><testcase classname="tests.test_modular_feasibility_panel_drivers" name="test_nonpassed_measurement_never_definitely_classifies[data_failed]" time="2.441" /><testcase classname="tests.test_modular_feasibility_panel_drivers" name="test_malformed_material_rejected_preflight[branches]" time="0.203" /><testcase classname="tests.test_modular_feasibility_panel_drivers" name="test_malformed_material_rejected_preflight[boolean_budget]" time="0.159" /><testcase classname="tests.test_modular_feasibility_panel_drivers" name="test_malformed_material_rejected_preflight[budget_limit]" time="0.177" /><testcase classname="tests.test_modular_feasibility_panel_drivers" name="test_malformed_material_rejected_preflight[unpinned_image]" time="0.343" /><testcase classname="tests.test_modular_feasibility_panel_drivers" name="test_malformed_material_rejected_preflight[measurement]" time="0.215" /><testcase classname="tests.test_modular_feasibility_panel_drivers" name="test_malformed_material_rejected_preflight[program_hash]" time="0.249" /><testcase classname="tests.test_modular_feasibility_panel_drivers" name="test_malformed_material_rejected_preflight[authority]" time="0.323" /><testcase classname="tests.test_modular_feasibility_panel_drivers" name="test_malformed_material_rejected_preflight[independent_source]" time="0.200" /><testcase classname="tests.test_modular_feasibility_panel_drivers" name="test_failed_execution_cannot_qualify_later_stages" time="2.775" /><testcase classname="tests.test_modular_feasibility_panel_drivers" name="test_execution_receipt_csv_drift_is_rejected_after_real_attempt" time="1.077" /><testcase classname="tests.test_modular_feasibility_panel_drivers" name="test_model_cannot_override_module_stop" time="2.377" /><testcase classname="tests.test_modular_feasibility_panel_drivers" name="test_prediction_receipt_cannot_replay_to_changed_subject[prediction_plan_digest]" time="3.059" /><testcase classname="tests.test_modular_feasibility_panel_drivers" name="test_prediction_receipt_cannot_replay_to_changed_subject[discriminator_id]" time="2.163" /><testcase classname="tests.test_modular_feasibility_panel_drivers" name="test_prediction_receipt_cannot_replay_to_changed_subject[measurement_receipt_digest]" time="2.779" /><testcase classname="tests.test_modular_feasibility_panel_drivers" name="test_prediction_receipt_cannot_replay_to_changed_subject[execution_digest]" time="2.763" /><testcase classname="tests.test_modular_feasibility_panel_drivers" name="test_preflight_precedes_subjective_and_execution[csv_preflight]" time="0.172" /><testcase classname="tests.test_modular_feasibility_panel_drivers" name="test_preflight_precedes_subjective_and_execution[controls_false]" time="0.158" /><testcase classname="tests.test_modular_feasibility_panel_drivers" name="test_preflight_precedes_subjective_and_execution[controls_string]" time="0.216" /><testcase classname="tests.test_modular_feasibility_panel_drivers" name="test_preflight_precedes_subjective_and_execution[controls_extra]" time="0.183" /><testcase classname="tests.test_modular_feasibility_panel_drivers" name="test_preflight_precedes_subjective_and_execution[budget]" time="0.212" /><testcase classname="tests.test_modular_feasibility_panel_drivers" name="test_subjective_is_prospective_and_execution_failure_preserves_its_cost" time="0.450" /><testcase classname="tests.test_modular_feasibility_panel_drivers" name="test_q51_gate_failure_changes_actual_final_with_matched_work" time="4.009" /><testcase classname="tests.test_modular_exploration_panel_drivers" name="test_freeze_complete_grid_without_any_external_call" time="0.056" /><testcase classname="tests.test_modular_exploration_panel_drivers" name="test_boolean_budget_cannot_impersonate_integer_opportunity" time="0.057" /><testcase classname="tests.test_modular_exploration_panel_drivers" name="test_full_52_cell_real_docker_grid_keeps_prospective_and_actual_denominators" time="153.279" /><testcase classname="tests.test_modular_exploration_panel_drivers" name="test_legitimate_hard_missing_conditions_remain_in_both_arm_denominators[Q7.1-low_cost-4-authorization]" time="6.969" /><testcase classname="tests.test_modular_exploration_panel_drivers" name="test_legitimate_hard_missing_conditions_remain_in_both_arm_denominators[Q7.1-low_cost-4-resource]" time="8.229" /><testcase classname="tests.test_modular_exploration_panel_drivers" name="test_legitimate_hard_missing_conditions_remain_in_both_arm_denominators[Q7.2-deterministic-2-authorization]" time="3.964" /><testcase classname="tests.test_modular_exploration_panel_drivers" name="test_legitimate_hard_missing_conditions_remain_in_both_arm_denominators[Q7.2-deterministic-2-resource]" time="4.616" /><testcase classname="tests.test_modular_exploration_panel_drivers" name="test_actual_diagnostic_does_not_clear_unrepaired_deterministic_block" time="3.600" /><testcase classname="tests.test_modular_exploration_panel_drivers" name="test_authority_failures_preserve_reserved_calls_and_unknown_cost[transport]" time="1.184" /><testcase classname="tests.test_modular_exploration_panel_drivers" name="test_authority_failures_preserve_reserved_calls_and_unknown_cost[source]" time="1.308" /><testcase classname="tests.test_modular_exploration_panel_drivers" name="test_authority_failures_preserve_reserved_calls_and_unknown_cost[subject]" time="1.378" /><testcase classname="tests.test_modular_exploration_panel_drivers" name="test_authority_failures_preserve_reserved_calls_and_unknown_cost[bad_signature]" time="0.867" /><testcase classname="tests.test_modular_exploration_panel_drivers" name="test_authority_failures_preserve_reserved_calls_and_unknown_cost[audit_subject]" time="2.223" /><testcase classname="tests.test_modular_exploration_panel_drivers" name="test_unknown_cost_and_unchanged_candidate_reach_fixed_p0_gate" time="3.499" /><testcase classname="tests.test_modular_exploration_panel_drivers" name="test_bad_actual_source_spends_no_model_or_verifier_opportunity" time="0.422" /><testcase classname="tests.test_modular_exploration_panel_drivers" name="test_both_candidates_checked_even_if_bad_second_one_not_proposed" time="0.544" /><testcase classname="tests.test_modular_exploration_panel_drivers" name="test_actual_bytes_drift_after_docker_never_reaches_observation_verifier[input]" time="2.171" /><testcase classname="tests.test_modular_exploration_panel_drivers" name="test_actual_bytes_drift_after_docker_never_reaches_observation_verifier[program]" time="2.731" /><testcase classname="tests.test_modular_exploration_panel_drivers" name="test_partial_transport_receipt_and_cost_are_persisted_before_failure[partial_known]" time="1.144" /><testcase classname="tests.test_modular_exploration_panel_drivers" name="test_partial_transport_receipt_and_cost_are_persisted_before_failure[partial_unknown]" time="1.170" /><testcase classname="tests.test_label_isolation" name="test_every_task_has_a_label" time="0.001" /><testcase classname="tests.test_label_isolation" name="test_prompts_do_not_contain_label_payloads" time="0.010" /><testcase classname="tests.test_label_isolation" name="test_error_catching_every_task_has_a_label" time="0.001" /><testcase classname="tests.test_label_isolation" name="test_error_catching_prompts_do_not_contain_label_payloads" time="0.002" /><testcase classname="tests.test_label_isolation" name="test_iteration_every_task_has_a_label" time="0.001" /><testcase classname="tests.test_label_isolation" name="test_iteration_prompts_do_not_contain_label_payloads" time="0.002" /><testcase classname="tests.test_label_isolation" name="test_audit_contrast_every_task_has_a_label" time="0.001" /><testcase classname="tests.test_label_isolation" name="test_audit_contrast_prompts_do_not_contain_label_payloads" time="0.005" /><testcase classname="tests.test_label_isolation" name="test_true_lock_every_task_has_a_label" time="0.001" /><testcase classname="tests.test_label_isolation" name="test_true_lock_prompts_omit_gold_rule" time="0.004" /></testsuite></testsuites>