<?xml version="1.0" encoding="utf-8"?><testsuites name="pytest tests"><testsuite name="pytest" errors="0" failures="0" skipped="0" tests="97" time="51.608" timestamp="2026-09-13T13:36:09.283817+08:00" hostname="SC-202507131830"><testcase classname="tests.test_modular_q54_causal_driver" name="test_q54_uses_model_ranking_updates_m4_and_executes_every_arm[blade-enabled0-subjective-a]" time="1.262" /><testcase classname="tests.test_modular_q54_causal_driver" name="test_q54_uses_model_ranking_updates_m4_and_executes_every_arm[blade-enabled0-preregistered_cost-b]" time="0.955" /><testcase classname="tests.test_modular_q54_causal_driver" name="test_q54_uses_model_ranking_updates_m4_and_executes_every_arm[blade-enabled1-subjective-a]" time="1.265" /><testcase classname="tests.test_modular_q54_causal_driver" name="test_q54_uses_model_ranking_updates_m4_and_executes_every_arm[blade-enabled1-preregistered_cost-b]" time="1.724" /><testcase classname="tests.test_modular_q54_causal_driver" name="test_q54_uses_model_ranking_updates_m4_and_executes_every_arm[blade-enabled2-subjective-a]" time="1.016" /><testcase classname="tests.test_modular_q54_causal_driver" name="test_q54_uses_model_ranking_updates_m4_and_executes_every_arm[blade-enabled2-preregistered_cost-b]" time="1.240" /><testcase classname="tests.test_modular_q54_causal_driver" name="test_q54_uses_model_ranking_updates_m4_and_executes_every_arm[blade-enabled3-subjective-a]" time="1.499" /><testcase classname="tests.test_modular_q54_causal_driver" name="test_q54_uses_model_ranking_updates_m4_and_executes_every_arm[blade-enabled3-preregistered_cost-b]" time="1.090" /><testcase classname="tests.test_modular_q54_causal_driver" name="test_q54_uses_model_ranking_updates_m4_and_executes_every_arm[discoverybench-enabled0-subjective-a]" time="0.928" /><testcase classname="tests.test_modular_q54_causal_driver" name="test_q54_uses_model_ranking_updates_m4_and_executes_every_arm[discoverybench-enabled0-preregistered_cost-b]" time="0.970" /><testcase classname="tests.test_modular_q54_causal_driver" name="test_q54_uses_model_ranking_updates_m4_and_executes_every_arm[discoverybench-enabled1-subjective-a]" time="1.208" /><testcase classname="tests.test_modular_q54_causal_driver" name="test_q54_uses_model_ranking_updates_m4_and_executes_every_arm[discoverybench-enabled1-preregistered_cost-b]" time="1.333" /><testcase classname="tests.test_modular_q54_causal_driver" name="test_q54_uses_model_ranking_updates_m4_and_executes_every_arm[discoverybench-enabled2-subjective-a]" time="1.282" /><testcase classname="tests.test_modular_q54_causal_driver" name="test_q54_uses_model_ranking_updates_m4_and_executes_every_arm[discoverybench-enabled2-preregistered_cost-b]" time="1.383" /><testcase classname="tests.test_modular_q54_causal_driver" name="test_q54_uses_model_ranking_updates_m4_and_executes_every_arm[discoverybench-enabled3-subjective-a]" time="1.116" /><testcase classname="tests.test_modular_q54_causal_driver" name="test_q54_uses_model_ranking_updates_m4_and_executes_every_arm[discoverybench-enabled3-preregistered_cost-b]" time="1.087" /><testcase classname="tests.test_modular_q54_causal_driver" name="test_authority_receipt_rejects_bad_aggregate_and_failed_execution_classification" time="0.001" /><testcase classname="tests.test_modular_q54_causal_driver" name="test_bundle_rejects_crlf_program_and_measurement_observable_drift" time="0.001" /><testcase classname="tests.test_modular_q54_causal_driver" name="test_bundle_rejects_split_discriminator_observable_pair" time="0.002" /><testcase classname="tests.test_modular_q54_causal_driver" name="test_post_execution_input_mutation_is_refused" time="0.598" /><testcase classname="tests.test_modular_q54_causal_driver" name="test_unknown_authority_gate_cannot_be_overridden_by_diagnostic_model" time="0.847" /><testcase classname="tests.test_modular_q54_causal_driver" name="test_authority_partial_response_and_exception_cost_are_journaled_first[mapping-3]" time="0.934" /><testcase classname="tests.test_modular_q54_causal_driver" name="test_authority_partial_response_and_exception_cost_are_journaled_first[mapping-None]" time="0.744" /><testcase classname="tests.test_modular_q54_causal_driver" name="test_authority_partial_response_and_exception_cost_are_journaled_first[frozen-3]" time="0.861" /><testcase classname="tests.test_modular_q54_causal_driver" name="test_authority_partial_response_and_exception_cost_are_journaled_first[frozen-None]" time="0.914" /><testcase classname="tests.test_modular_q54_causal_driver" name="test_authority_partial_response_and_exception_cost_are_journaled_first[malformed-3]" time="0.877" /><testcase classname="tests.test_modular_q54_causal_driver" name="test_authority_partial_response_and_exception_cost_are_journaled_first[malformed-None]" time="0.883" /><testcase classname="tests.test_modular_q54_train_controller" name="test_full_16_cell_diagnostic_controller_with_real_custody_and_public_inputs" time="16.394" /><testcase classname="tests.test_modular_q54_train_controller" name="test_diagnostic_foreign_csv_stops_before_model_and_authority" time="0.181" /><testcase classname="tests.test_modular_panel_plan" name="test_every_obligation_gets_all_variants_and_all_legal_paired_arms" time="0.142" /><testcase classname="tests.test_modular_panel_plan" name="test_actual_package_or_scorer_or_budget_change_changes_frozen_panel" time="0.015" /><testcase classname="tests.test_modular_panel_plan" name="test_package_manifest_cannot_cross_or_silently_change_training_panel[foreign_split]" time="0.002" /><testcase classname="tests.test_modular_panel_plan" name="test_package_manifest_cannot_cross_or_silently_change_training_panel[foreign_task]" time="0.002" /><testcase classname="tests.test_modular_panel_plan" name="test_package_manifest_cannot_cross_or_silently_change_training_panel[partial]" time="0.002" /><testcase classname="tests.test_modular_panel_plan" name="test_package_manifest_cannot_cross_or_silently_change_training_panel[extra]" time="0.002" /><testcase classname="tests.test_modular_panel_plan" name="test_compiler_fails_before_execution_for_invalid_frozen_inputs[validation]" time="0.001" /><testcase classname="tests.test_modular_panel_plan" name="test_compiler_fails_before_execution_for_invalid_frozen_inputs[duplicate_task]" time="0.001" /><testcase classname="tests.test_modular_panel_plan" name="test_compiler_fails_before_execution_for_invalid_frozen_inputs[split]" time="0.001" /><testcase classname="tests.test_modular_panel_plan" name="test_compiler_fails_before_execution_for_invalid_frozen_inputs[missing_benchmark]" time="0.001" /><testcase classname="tests.test_modular_panel_plan" name="test_compiler_fails_before_execution_for_invalid_frozen_inputs[missing_package]" time="0.002" /><testcase classname="tests.test_modular_panel_plan" name="test_compiler_fails_before_execution_for_invalid_frozen_inputs[wrong_package]" time="0.002" /><testcase classname="tests.test_modular_panel_plan" name="test_compiler_fails_before_execution_for_invalid_frozen_inputs[missing_evidence]" time="0.001" /><testcase classname="tests.test_modular_panel_plan" name="test_compiler_fails_before_execution_for_invalid_frozen_inputs[duplicate_replicate]" time="0.001" /><testcase classname="tests.test_modular_panel_plan" name="test_compiler_fails_before_execution_for_invalid_frozen_inputs[unknown_scope]" time="0.001" /><testcase classname="tests.test_modular_experiments" name="test_registry_keeps_all_48_obligations_designed_and_emits_controlled_scenarios" time="0.002" /><testcase classname="tests.test_modular_experiments" name="test_q15_requires_actual_identity_bound_review_material" time="0.001" /><testcase classname="tests.test_modular_experiments" name="test_legacy_two_benchmark_hashes_cannot_claim_measurement" time="0.002" /><testcase classname="tests.test_modular_experiments" name="test_blocked_status_cannot_skip_measurement_or_validation" time="0.003" /><testcase classname="tests.test_modular_experiments" name="test_added_runners_match_every_authoritative_variant[Q1.1]" time="0.001" /><testcase classname="tests.test_modular_experiments" name="test_added_runners_match_every_authoritative_variant[Q1.2]" time="0.001" /><testcase classname="tests.test_modular_experiments" name="test_added_runners_match_every_authoritative_variant[Q1.3]" time="0.001" /><testcase classname="tests.test_modular_experiments" name="test_added_runners_match_every_authoritative_variant[Q1.4]" time="0.001" /><testcase classname="tests.test_modular_experiments" name="test_added_runners_match_every_authoritative_variant[Q1.5]" time="0.001" /><testcase classname="tests.test_modular_experiments" name="test_added_runners_match_every_authoritative_variant[Q1.6]" time="0.002" /><testcase classname="tests.test_modular_experiments" name="test_added_runners_match_every_authoritative_variant[Q1.7]" time="0.001" /><testcase classname="tests.test_modular_experiments" name="test_added_runners_match_every_authoritative_variant[Q2.1]" time="0.001" /><testcase classname="tests.test_modular_experiments" name="test_added_runners_match_every_authoritative_variant[Q2.3]" time="0.001" /><testcase classname="tests.test_modular_experiments" name="test_added_runners_match_every_authoritative_variant[Q2.4]" time="0.001" /><testcase classname="tests.test_modular_experiments" name="test_added_runners_match_every_authoritative_variant[Q3.1]" time="0.001" /><testcase classname="tests.test_modular_experiments" name="test_added_runners_match_every_authoritative_variant[Q4.1]" time="0.001" /><testcase classname="tests.test_modular_experiments" name="test_added_runners_match_every_authoritative_variant[Q4.2]" time="0.001" /><testcase classname="tests.test_modular_experiments" name="test_added_runners_match_every_authoritative_variant[Q4.3]" time="0.001" /><testcase classname="tests.test_modular_experiments" name="test_added_runners_match_every_authoritative_variant[Q4.4]" time="0.001" /><testcase classname="tests.test_modular_experiments" name="test_added_runners_match_every_authoritative_variant[Q4.5]" time="0.001" /><testcase classname="tests.test_modular_experiments" name="test_added_runners_match_every_authoritative_variant[Q5.5]" time="0.001" /><testcase classname="tests.test_modular_experiments" name="test_added_runners_match_every_authoritative_variant[Q6.1]" time="0.001" /><testcase classname="tests.test_modular_experiments" name="test_added_runners_match_every_authoritative_variant[Q6.2]" time="0.001" /><testcase classname="tests.test_modular_experiments" name="test_added_runners_match_every_authoritative_variant[Q6.3]" time="0.001" /><testcase classname="tests.test_modular_experiments" name="test_added_runners_match_every_authoritative_variant[Q6.5]" time="0.001" /><testcase classname="tests.test_modular_experiments" name="test_added_runners_match_every_authoritative_variant[Q6.6]" time="0.001" /><testcase classname="tests.test_modular_experiments" name="test_added_runners_match_every_authoritative_variant[Q7.3]" time="0.001" /><testcase classname="tests.test_modular_experiments" name="test_added_runners_match_every_authoritative_variant[Q7.4]" time="0.001" /><testcase classname="tests.test_modular_experiments" name="test_added_runners_match_every_authoritative_variant[Q7.5]" time="0.001" /><testcase classname="tests.test_modular_experiments" name="test_added_runners_match_every_authoritative_variant[Q7.6]" time="0.000" /><testcase classname="tests.test_modular_experiments" name="test_added_runners_match_every_authoritative_variant[Q8.1]" time="0.001" /><testcase classname="tests.test_modular_experiments" name="test_added_runners_match_every_authoritative_variant[Q8.2]" time="0.001" /><testcase classname="tests.test_modular_experiments" name="test_added_runners_match_every_authoritative_variant[Q8.3]" time="0.000" /><testcase classname="tests.test_modular_experiments" name="test_added_runners_match_every_authoritative_variant[Q8.4]" time="0.000" /><testcase classname="tests.test_modular_experiments" name="test_added_runners_match_every_authoritative_variant[Q8.5]" time="0.001" /><testcase classname="tests.test_modular_experiments" name="test_added_runners_match_every_authoritative_variant[Q8.6]" time="0.001" /><testcase classname="tests.test_modular_experiments" name="test_added_runners_match_every_authoritative_variant[Q8.7]" time="0.001" /><testcase classname="tests.test_modular_panel_runner" name="test_q31_train_panel_runs_real_journals_for_both_public_adapters" time="3.672" /><testcase classname="tests.test_modular_panel_runner" name="test_runner_rejects_validation_identity_scenario_package_and_unsupported_driver" time="0.005" /><testcase classname="tests.test_modular_panel_runner" name="test_scorer_port_must_return_trace_and_scorer_bound_typed_receipt" time="0.484" /><testcase classname="tests.test_modular_panel_runner" name="test_model_or_plan_failure_returns_a_trace_bound_failed_cell" time="0.161" /><testcase classname="tests.test_modular_panel_runner" name="test_q31_driver_rejects_a_schema_valid_but_underfilled_prediction_response" time="0.138" /><testcase classname="tests.test_modular_panel_runner" name="test_complete_panel_accepts_bound_driver_and_model_failures_and_rejects_tampering" time="4.002" /><testcase classname="tests.test_label_isolation" name="test_every_task_has_a_label" time="0.001" /><testcase classname="tests.test_label_isolation" name="test_prompts_do_not_contain_label_payloads" time="0.011" /><testcase classname="tests.test_label_isolation" name="test_error_catching_every_task_has_a_label" time="0.001" /><testcase classname="tests.test_label_isolation" name="test_error_catching_prompts_do_not_contain_label_payloads" time="0.002" /><testcase classname="tests.test_label_isolation" name="test_iteration_every_task_has_a_label" time="0.001" /><testcase classname="tests.test_label_isolation" name="test_iteration_prompts_do_not_contain_label_payloads" time="0.002" /><testcase classname="tests.test_label_isolation" name="test_audit_contrast_every_task_has_a_label" time="0.001" /><testcase classname="tests.test_label_isolation" name="test_audit_contrast_prompts_do_not_contain_label_payloads" time="0.005" /><testcase classname="tests.test_label_isolation" name="test_true_lock_every_task_has_a_label" time="0.001" /><testcase classname="tests.test_label_isolation" name="test_true_lock_prompts_omit_gold_rule" time="0.005" /></testsuite></testsuites>