<?xml version="1.0" encoding="utf-8"?><testsuites name="pytest tests"><testsuite name="pytest" errors="0" failures="0" skipped="0" tests="18" time="178.975" timestamp="2026-09-13T13:45:30.444031+08:00" hostname="SC-202507131830"><testcase classname="tests.test_scorer_process" name="test_actual_stdio_worker_scores_two_benchmark_cells_without_exposing_private_reference" time="25.950" /><testcase classname="tests.test_scorer_process" name="test_utf8_signed_candidate_survives_a_gbk_worker_locale" time="25.363" /><testcase classname="tests.test_scorer_process" name="test_rejects_validation_or_mismatched_frozen_dependencies_before_evaluator[validation]" time="25.000" /><testcase classname="tests.test_scorer_process" name="test_rejects_validation_or_mismatched_frozen_dependencies_before_evaluator[scorer]" time="26.658" /><testcase classname="tests.test_scorer_process" name="test_rejects_validation_or_mismatched_frozen_dependencies_before_evaluator[handles]" time="23.759" /><testcase classname="tests.test_scorer_process" name="test_rejects_validation_or_mismatched_frozen_dependencies_before_evaluator[store_row]" time="19.608" /><testcase classname="tests.test_scorer_process" name="test_unknown_server_reservation_is_not_retried_or_double_scored" time="16.486" /><testcase classname="tests.test_scorer_process" name="test_malformed_client_journal_refuses_before_spawning_worker" time="15.121" /><testcase classname="tests.test_label_isolation" name="test_every_task_has_a_label" time="0.001" /><testcase classname="tests.test_label_isolation" name="test_prompts_do_not_contain_label_payloads" time="0.314" /><testcase classname="tests.test_label_isolation" name="test_error_catching_every_task_has_a_label" time="0.001" /><testcase classname="tests.test_label_isolation" name="test_error_catching_prompts_do_not_contain_label_payloads" time="0.031" /><testcase classname="tests.test_label_isolation" name="test_iteration_every_task_has_a_label" time="0.001" /><testcase classname="tests.test_label_isolation" name="test_iteration_prompts_do_not_contain_label_payloads" time="0.037" /><testcase classname="tests.test_label_isolation" name="test_audit_contrast_every_task_has_a_label" time="0.001" /><testcase classname="tests.test_label_isolation" name="test_audit_contrast_prompts_do_not_contain_label_payloads" time="0.135" /><testcase classname="tests.test_label_isolation" name="test_true_lock_every_task_has_a_label" time="0.001" /><testcase classname="tests.test_label_isolation" name="test_true_lock_prompts_omit_gold_rule" time="0.157" /></testsuite></testsuites>