<?xml version="1.0" encoding="utf-8"?><testsuites name="pytest tests"><testsuite name="pytest" errors="0" failures="0" skipped="0" tests="91" time="49.338" timestamp="2026-09-15T05:37:52.758609+08:00" hostname="SC-202507131830"><testcase classname="tests.test_grok_headless_transport" name="test_actual_producer_reader_and_unknown_totals" time="1.304" /><testcase classname="tests.test_grok_headless_transport" name="test_reader_rejects_artifact_swaps[command.json]" time="1.228" /><testcase classname="tests.test_grok_headless_transport" name="test_reader_rejects_artifact_swaps[process.json]" time="1.085" /><testcase classname="tests.test_grok_headless_transport" name="test_reader_rejects_artifact_swaps[billing-after/credits.private.json]" time="1.260" /><testcase classname="tests.test_grok_headless_transport" name="test_context_binding_rejects_swap" time="1.096" /><testcase classname="tests.test_grok_headless_transport" name="test_reasoning_effort_is_frozen_in_command_reservation_and_reader" time="1.068" /><testcase classname="tests.test_grok_headless_transport" name="test_reasoning_effort_rejects_values_outside_frozen_model_contract" time="0.787" /><testcase classname="tests.test_grok_headless_transport" name="test_preflight_denial_has_terminal_no_dispatch_receipt" time="0.987" /><testcase classname="tests.test_grok_headless_transport" name="test_postflight_failure_preserves_observed_stream" time="1.145" /><testcase classname="tests.test_grok_headless_transport" name="test_short_timeout_closes_owned_process_tree" time="0.067" /><testcase classname="tests.test_grok_headless_transport" name="test_constructor_failure_does_not_claim_no_launch" time="0.002" /><testcase classname="tests.test_grok_headless_transport" name="test_rehashed_reservation_cannot_change_frozen_execution_contract[command]" time="1.272" /><testcase classname="tests.test_grok_headless_transport" name="test_rehashed_reservation_cannot_change_frozen_execution_contract[environment]" time="1.246" /><testcase classname="tests.test_grok_headless_transport" name="test_rehashed_reservation_cannot_change_frozen_execution_contract[source_manifest]" time="1.244" /><testcase classname="tests.test_grok_headless_transport" name="test_raw_account_gate_rejects_paid_blocked_and_unordered_observations" time="1.236" /><testcase classname="tests.test_headless_material_authoring" name="test_headless_freeze_has_distinct_schema_complete_inputs_and_runtime_pins" time="0.806" /><testcase classname="tests.test_headless_material_authoring" name="test_all_headless_entries_preflight_before_any_dispatch[last_request]" time="0.801" /><testcase classname="tests.test_headless_material_authoring" name="test_all_headless_entries_preflight_before_any_dispatch[last_context]" time="0.906" /><testcase classname="tests.test_headless_material_authoring" name="test_all_headless_entries_preflight_before_any_dispatch[limits]" time="0.703" /><testcase classname="tests.test_headless_material_authoring" name="test_all_headless_entries_preflight_before_any_dispatch[schema]" time="0.822" /><testcase classname="tests.test_headless_material_authoring" name="test_all_headless_entries_preflight_before_any_dispatch[deployment]" time="0.781" /><testcase classname="tests.test_headless_material_authoring" name="test_headless_requires_explicit_deployment_and_no_acp_native_record" time="0.957" /><testcase classname="tests.test_headless_material_authoring" name="test_actual_headless_authoring_dispatch_to_signed_material_and_review_inventory" time="4.782" /><testcase classname="tests.test_headless_material_authoring" name="test_headless_mismatch_retains_observed_usage_and_unexecuted_denominators[response]" time="2.217" /><testcase classname="tests.test_headless_material_authoring" name="test_headless_mismatch_retains_observed_usage_and_unexecuted_denominators[stream]" time="1.793" /><testcase classname="tests.test_headless_material_authoring" name="test_headless_mismatch_retains_observed_usage_and_unexecuted_denominators[private_request]" time="1.742" /><testcase classname="tests.test_diagnostic_material_authoring" name="test_worker_authoring_material_signatures_and_ready_renderer_inventory" time="4.076" /><testcase classname="tests.test_diagnostic_material_authoring" name="test_fault_preserves_four_states_and_denominators_without_retry[authoring_unknown_main-12]" time="1.595" /><testcase classname="tests.test_diagnostic_material_authoring" name="test_fault_preserves_four_states_and_denominators_without_retry[paid-None]" time="1.100" /><testcase classname="tests.test_diagnostic_material_authoring" name="test_fault_preserves_four_states_and_denominators_without_retry[tools-None]" time="1.285" /><testcase classname="tests.test_diagnostic_material_authoring" name="test_native_binding_swap_retains_main_accounting_and_stops[answer]" time="1.557" /><testcase classname="tests.test_diagnostic_material_authoring" name="test_native_binding_swap_retains_main_accounting_and_stops[prompt]" time="1.569" /><testcase classname="tests.test_diagnostic_material_authoring" name="test_native_binding_swap_retains_main_accounting_and_stops[schema]" time="1.585" /><testcase classname="tests.test_diagnostic_material_authoring" name="test_native_binding_swap_retains_main_accounting_and_stops[reservation]" time="1.541" /><testcase classname="tests.test_diagnostic_material_authoring" name="test_native_binding_swap_retains_main_accounting_and_stops[source]" time="1.499" /><testcase classname="tests.test_diagnostic_material_authoring" name="test_late_entry_malformed_before_any_dispatch" time="0.357" /><testcase classname="tests.test_diagnostic_material_authoring" name="test_full_reference_in_all_four_requests_and_explicit_caps" time="0.582" /><testcase classname="tests.test_diagnostic_material_authoring" name="test_file_only_native_provision_freezes_all_slots_without_launch" time="0.790" /><testcase classname="tests.test_diagnostic_material_authoring" name="test_explicit_negative_support_still_remains_provisional" time="0.000" /><testcase classname="tests.test_diagnostic_material_authoring" name="test_author_assertions_cannot_create_coverage_truth[order]" time="0.000" /><testcase classname="tests.test_diagnostic_material_authoring" name="test_author_assertions_cannot_create_coverage_truth[empty]" time="0.000" /><testcase classname="tests.test_diagnostic_material_authoring" name="test_author_assertions_cannot_create_coverage_truth[negative]" time="0.000" /><testcase classname="tests.test_diagnostic_material_authoring" name="test_author_assertions_cannot_create_coverage_truth[alternative]" time="0.000" /><testcase classname="tests.test_diagnostic_material_authoring" name="test_author_assertions_cannot_create_coverage_truth[excerpt]" time="0.000" /><testcase classname="tests.test_diagnostic_material_authoring" name="test_author_assertions_cannot_create_coverage_truth[expected]" time="0.000" /><testcase classname="tests.test_grok_cli_protocol" name="test_observed_success_keeps_accounting_model_reasoning_and_settlement_separate" time="0.000" /><testcase classname="tests.test_grok_cli_protocol" name="test_protocol_failures_are_terminal_but_keep_available_usage[advertised_tools]" time="0.000" /><testcase classname="tests.test_grok_cli_protocol" name="test_protocol_failures_are_terminal_but_keep_available_usage[tool_call]" time="0.000" /><testcase classname="tests.test_grok_cli_protocol" name="test_protocol_failures_are_terminal_but_keep_available_usage[tool_update]" time="0.000" /><testcase classname="tests.test_grok_cli_protocol" name="test_protocol_failures_are_terminal_but_keep_available_usage[missing_inventory]" time="0.000" /><testcase classname="tests.test_grok_cli_protocol" name="test_protocol_failures_are_terminal_but_keep_available_usage[different_session]" time="0.000" /><testcase classname="tests.test_grok_cli_protocol" name="test_protocol_failures_are_terminal_but_keep_available_usage[two_ends]" time="0.000" /><testcase classname="tests.test_grok_cli_protocol" name="test_protocol_failures_are_terminal_but_keep_available_usage[truncated_stop]" time="0.000" /><testcase classname="tests.test_grok_cli_protocol" name="test_protocol_failures_are_terminal_but_keep_available_usage[two_model_calls]" time="0.000" /><testcase classname="tests.test_grok_cli_protocol" name="test_protocol_failures_are_terminal_but_keep_available_usage[other_model]" time="0.000" /><testcase classname="tests.test_grok_cli_protocol" name="test_protocol_failures_are_terminal_but_keep_available_usage[two_models]" time="0.000" /><testcase classname="tests.test_grok_cli_protocol" name="test_protocol_failures_are_terminal_but_keep_available_usage[bool_tokens]" time="0.000" /><testcase classname="tests.test_grok_cli_protocol" name="test_protocol_failures_are_terminal_but_keep_available_usage[usage_flag]" time="0.000" /><testcase classname="tests.test_grok_cli_protocol" name="test_protocol_failures_are_terminal_but_keep_available_usage[mismatched_total]" time="0.000" /><testcase classname="tests.test_grok_cli_protocol" name="test_protocol_failures_are_terminal_but_keep_available_usage[mismatched_model_usage]" time="0.000" /><testcase classname="tests.test_grok_cli_protocol" name="test_protocol_failures_are_terminal_but_keep_available_usage[budget_breach]" time="0.000" /><testcase classname="tests.test_grok_cli_protocol" name="test_protocol_failures_are_terminal_but_keep_available_usage[response_mismatch]" time="0.000" /><testcase classname="tests.test_grok_cli_protocol" name="test_protocol_failures_are_terminal_but_keep_available_usage[invalid_schema]" time="0.000" /><testcase classname="tests.test_grok_cli_protocol" name="test_protocol_failures_are_terminal_but_keep_available_usage[provider_error]" time="0.000" /><testcase classname="tests.test_grok_cli_protocol" name="test_protocol_failures_are_terminal_but_keep_available_usage[after_end]" time="0.000" /><testcase classname="tests.test_grok_cli_protocol" name="test_protocol_failures_are_terminal_but_keep_available_usage[unknown_event]" time="0.000" /><testcase classname="tests.test_grok_cli_protocol" name="test_protocol_failures_are_terminal_but_keep_available_usage[malformed_inventory]" time="0.000" /><testcase classname="tests.test_grok_cli_protocol" name="test_protocol_failures_are_terminal_but_keep_available_usage[duplicate_json_key]" time="0.000" /><testcase classname="tests.test_grok_cli_protocol" name="test_missing_or_partial_cost_is_unknown_and_reported_zero_is_explicit[missing]" time="0.000" /><testcase classname="tests.test_grok_cli_protocol" name="test_missing_or_partial_cost_is_unknown_and_reported_zero_is_explicit[partial]" time="0.000" /><testcase classname="tests.test_grok_cli_protocol" name="test_missing_or_partial_cost_is_unknown_and_reported_zero_is_explicit[zero]" time="0.000" /><testcase classname="tests.test_grok_cli_protocol" name="test_failed_process_retains_complete_reported_usage_without_returning_response" time="0.000" /><testcase classname="tests.test_grok_cli_protocol" name="test_cached_tokens_are_counted_once_and_contradictory_cost_is_rejected" time="0.000" /><testcase classname="tests.test_grok_cli_protocol" name="test_invalid_utf8_and_truncated_json_never_invent_complete_usage" time="0.000" /><testcase classname="tests.test_grok_cli_protocol" name="test_single_turn_usage_and_event_contract_cannot_hide_additional_work[missing]" time="0.000" /><testcase classname="tests.test_grok_cli_protocol" name="test_single_turn_usage_and_event_contract_cannot_hide_additional_work[duplicated]" time="0.000" /><testcase classname="tests.test_grok_cli_protocol" name="test_single_turn_usage_and_event_contract_cannot_hide_additional_work[contradictory]" time="0.000" /><testcase classname="tests.test_grok_cli_protocol" name="test_single_turn_usage_and_event_contract_cannot_hide_additional_work[boolean]" time="0.000" /><testcase classname="tests.test_grok_cli_protocol" name="test_single_turn_usage_and_event_contract_cannot_hide_additional_work[end_extension]" time="0.000" /><testcase classname="tests.test_grok_cli_protocol" name="test_single_turn_usage_and_event_contract_cannot_hide_additional_work[thought_payload]" time="0.000" /><testcase classname="tests.test_grok_cli_protocol" name="test_actual_smoke_primitive_const_contract_remains_strict" time="0.001" /><testcase classname="tests.test_label_isolation" name="test_every_task_has_a_label" time="0.001" /><testcase classname="tests.test_label_isolation" name="test_prompts_do_not_contain_label_payloads" time="0.039" /><testcase classname="tests.test_label_isolation" name="test_error_catching_every_task_has_a_label" time="0.000" /><testcase classname="tests.test_label_isolation" name="test_error_catching_prompts_do_not_contain_label_payloads" time="0.008" /><testcase classname="tests.test_label_isolation" name="test_iteration_every_task_has_a_label" time="0.000" /><testcase classname="tests.test_label_isolation" name="test_iteration_prompts_do_not_contain_label_payloads" time="0.002" /><testcase classname="tests.test_label_isolation" name="test_audit_contrast_every_task_has_a_label" time="0.000" /><testcase classname="tests.test_label_isolation" name="test_audit_contrast_prompts_do_not_contain_label_payloads" time="0.005" /><testcase classname="tests.test_label_isolation" name="test_true_lock_every_task_has_a_label" time="0.001" /><testcase classname="tests.test_label_isolation" name="test_true_lock_prompts_omit_gold_rule" time="0.004" /></testsuite></testsuites>