<?xml version="1.0" encoding="utf-8"?><testsuites name="pytest tests"><testsuite name="pytest" errors="0" failures="0" skipped="0" tests="59" time="41.470" timestamp="2026-09-15T04:53:30.419213+08:00" hostname="SC-202507131830"><testcase classname="tests.test_grok_headless_transport" name="test_actual_producer_reader_and_unknown_totals" time="3.194" /><testcase classname="tests.test_grok_headless_transport" name="test_reader_rejects_artifact_swaps[command.json]" time="4.914" /><testcase classname="tests.test_grok_headless_transport" name="test_reader_rejects_artifact_swaps[process.json]" time="4.365" /><testcase classname="tests.test_grok_headless_transport" name="test_reader_rejects_artifact_swaps[billing-after/credits.private.json]" time="2.520" /><testcase classname="tests.test_grok_headless_transport" name="test_context_binding_rejects_swap" time="3.147" /><testcase classname="tests.test_grok_headless_transport" name="test_preflight_denial_has_terminal_no_dispatch_receipt" time="2.490" /><testcase classname="tests.test_grok_headless_transport" name="test_postflight_failure_preserves_observed_stream" time="2.149" /><testcase classname="tests.test_grok_headless_transport" name="test_short_timeout_closes_owned_process_tree" time="0.134" /><testcase classname="tests.test_grok_headless_transport" name="test_constructor_failure_does_not_claim_no_launch" time="0.241" /><testcase classname="tests.test_grok_headless_transport" name="test_rehashed_reservation_cannot_change_frozen_execution_contract[command]" time="3.735" /><testcase classname="tests.test_grok_headless_transport" name="test_rehashed_reservation_cannot_change_frozen_execution_contract[environment]" time="3.263" /><testcase classname="tests.test_grok_headless_transport" name="test_rehashed_reservation_cannot_change_frozen_execution_contract[source_manifest]" time="4.473" /><testcase classname="tests.test_grok_headless_transport" name="test_raw_account_gate_rejects_paid_blocked_and_unordered_observations" time="4.549" /><testcase classname="tests.test_grok_cli_protocol" name="test_observed_success_keeps_accounting_model_reasoning_and_settlement_separate" time="0.022" /><testcase classname="tests.test_grok_cli_protocol" name="test_protocol_failures_are_terminal_but_keep_available_usage[advertised_tools]" time="0.000" /><testcase classname="tests.test_grok_cli_protocol" name="test_protocol_failures_are_terminal_but_keep_available_usage[tool_call]" time="0.000" /><testcase classname="tests.test_grok_cli_protocol" name="test_protocol_failures_are_terminal_but_keep_available_usage[tool_update]" time="0.000" /><testcase classname="tests.test_grok_cli_protocol" name="test_protocol_failures_are_terminal_but_keep_available_usage[missing_inventory]" time="0.000" /><testcase classname="tests.test_grok_cli_protocol" name="test_protocol_failures_are_terminal_but_keep_available_usage[different_session]" time="0.000" /><testcase classname="tests.test_grok_cli_protocol" name="test_protocol_failures_are_terminal_but_keep_available_usage[two_ends]" time="0.000" /><testcase classname="tests.test_grok_cli_protocol" name="test_protocol_failures_are_terminal_but_keep_available_usage[truncated_stop]" time="0.000" /><testcase classname="tests.test_grok_cli_protocol" name="test_protocol_failures_are_terminal_but_keep_available_usage[two_model_calls]" time="0.000" /><testcase classname="tests.test_grok_cli_protocol" name="test_protocol_failures_are_terminal_but_keep_available_usage[other_model]" time="0.000" /><testcase classname="tests.test_grok_cli_protocol" name="test_protocol_failures_are_terminal_but_keep_available_usage[two_models]" time="0.000" /><testcase classname="tests.test_grok_cli_protocol" name="test_protocol_failures_are_terminal_but_keep_available_usage[bool_tokens]" time="0.000" /><testcase classname="tests.test_grok_cli_protocol" name="test_protocol_failures_are_terminal_but_keep_available_usage[usage_flag]" time="0.000" /><testcase classname="tests.test_grok_cli_protocol" name="test_protocol_failures_are_terminal_but_keep_available_usage[mismatched_total]" time="0.000" /><testcase classname="tests.test_grok_cli_protocol" name="test_protocol_failures_are_terminal_but_keep_available_usage[mismatched_model_usage]" time="0.000" /><testcase classname="tests.test_grok_cli_protocol" name="test_protocol_failures_are_terminal_but_keep_available_usage[budget_breach]" time="0.000" /><testcase classname="tests.test_grok_cli_protocol" name="test_protocol_failures_are_terminal_but_keep_available_usage[response_mismatch]" time="0.000" /><testcase classname="tests.test_grok_cli_protocol" name="test_protocol_failures_are_terminal_but_keep_available_usage[invalid_schema]" time="0.000" /><testcase classname="tests.test_grok_cli_protocol" name="test_protocol_failures_are_terminal_but_keep_available_usage[provider_error]" time="0.000" /><testcase classname="tests.test_grok_cli_protocol" name="test_protocol_failures_are_terminal_but_keep_available_usage[after_end]" time="0.000" /><testcase classname="tests.test_grok_cli_protocol" name="test_protocol_failures_are_terminal_but_keep_available_usage[unknown_event]" time="0.000" /><testcase classname="tests.test_grok_cli_protocol" name="test_protocol_failures_are_terminal_but_keep_available_usage[malformed_inventory]" time="0.000" /><testcase classname="tests.test_grok_cli_protocol" name="test_protocol_failures_are_terminal_but_keep_available_usage[duplicate_json_key]" time="0.001" /><testcase classname="tests.test_grok_cli_protocol" name="test_missing_or_partial_cost_is_unknown_and_reported_zero_is_explicit[missing]" time="0.000" /><testcase classname="tests.test_grok_cli_protocol" name="test_missing_or_partial_cost_is_unknown_and_reported_zero_is_explicit[partial]" time="0.000" /><testcase classname="tests.test_grok_cli_protocol" name="test_missing_or_partial_cost_is_unknown_and_reported_zero_is_explicit[zero]" time="0.001" /><testcase classname="tests.test_grok_cli_protocol" name="test_failed_process_retains_complete_reported_usage_without_returning_response" time="0.000" /><testcase classname="tests.test_grok_cli_protocol" name="test_cached_tokens_are_counted_once_and_contradictory_cost_is_rejected" time="0.000" /><testcase classname="tests.test_grok_cli_protocol" name="test_invalid_utf8_and_truncated_json_never_invent_complete_usage" time="0.000" /><testcase classname="tests.test_grok_cli_protocol" name="test_single_turn_usage_and_event_contract_cannot_hide_additional_work[missing]" time="0.000" /><testcase classname="tests.test_grok_cli_protocol" name="test_single_turn_usage_and_event_contract_cannot_hide_additional_work[duplicated]" time="0.000" /><testcase classname="tests.test_grok_cli_protocol" name="test_single_turn_usage_and_event_contract_cannot_hide_additional_work[contradictory]" time="0.000" /><testcase classname="tests.test_grok_cli_protocol" name="test_single_turn_usage_and_event_contract_cannot_hide_additional_work[boolean]" time="0.000" /><testcase classname="tests.test_grok_cli_protocol" name="test_single_turn_usage_and_event_contract_cannot_hide_additional_work[end_extension]" time="0.000" /><testcase classname="tests.test_grok_cli_protocol" name="test_single_turn_usage_and_event_contract_cannot_hide_additional_work[thought_payload]" time="0.001" /><testcase classname="tests.test_grok_cli_protocol" name="test_actual_smoke_primitive_const_contract_remains_strict" time="0.001" /><testcase classname="tests.test_label_isolation" name="test_every_task_has_a_label" time="0.001" /><testcase classname="tests.test_label_isolation" name="test_prompts_do_not_contain_label_payloads" time="0.005" /><testcase classname="tests.test_label_isolation" name="test_error_catching_every_task_has_a_label" time="0.000" /><testcase classname="tests.test_label_isolation" name="test_error_catching_prompts_do_not_contain_label_payloads" time="0.001" /><testcase classname="tests.test_label_isolation" name="test_iteration_every_task_has_a_label" time="0.000" /><testcase classname="tests.test_label_isolation" name="test_iteration_prompts_do_not_contain_label_payloads" time="0.001" /><testcase classname="tests.test_label_isolation" name="test_audit_contrast_every_task_has_a_label" time="0.000" /><testcase classname="tests.test_label_isolation" name="test_audit_contrast_prompts_do_not_contain_label_payloads" time="0.002" /><testcase classname="tests.test_label_isolation" name="test_true_lock_every_task_has_a_label" time="0.000" /><testcase classname="tests.test_label_isolation" name="test_true_lock_prompts_omit_gold_rule" time="0.002" /></testsuite></testsuites>