<?xml version="1.0" encoding="utf-8"?><testsuites><testsuite name="pytest" errors="0" failures="0" skipped="0" tests="52" time="14.494" timestamp="2026-09-13T23:04:18.610904" hostname="SC-202507131830"><testcase classname="tests.test_grok_acp_transport" name="test_native_acp_binding_and_preflight_order" time="0.271" /><testcase classname="tests.test_grok_acp_transport" name="test_gate_rejection_cannot_dispatch[tools-runtime_tools_not_empty]" time="0.134" /><testcase classname="tests.test_grok_acp_transport" name="test_gate_rejection_cannot_dispatch[paid-paid_fallback_available]" time="0.152" /><testcase classname="tests.test_grok_acp_transport" name="test_gate_rejection_cannot_dispatch[bool_money-billing_money_shape]" time="0.152" /><testcase classname="tests.test_grok_acp_transport" name="test_gate_rejection_cannot_dispatch[topup-auto_topup_present_or_unknown]" time="0.149" /><testcase classname="tests.test_grok_acp_transport" name="test_gate_rejection_cannot_dispatch[topup_error-rpc_error]" time="0.287" /><testcase classname="tests.test_grok_acp_transport" name="test_gate_rejection_cannot_dispatch[malformed-malformed_json]" time="0.135" /><testcase classname="tests.test_grok_acp_transport" name="test_gate_rejection_cannot_dispatch[unknown-unknown_notification]" time="0.132" /><testcase classname="tests.test_grok_acp_transport" name="test_gate_rejection_cannot_dispatch[new_binding-session_binding]" time="0.131" /><testcase classname="tests.test_grok_acp_transport" name="test_gate_rejection_cannot_dispatch[model-selected_model_mismatch]" time="0.128" /><testcase classname="tests.test_grok_acp_transport" name="test_dispatched_failure_is_terminal[prompt_binding-result_binding]" time="0.274" /><testcase classname="tests.test_grok_acp_transport" name="test_dispatched_failure_is_terminal[result_session-result_binding]" time="0.301" /><testcase classname="tests.test_grok_acp_transport" name="test_dispatched_failure_is_terminal[extra_work-result_extra_work_or_failure]" time="0.409" /><testcase classname="tests.test_grok_acp_transport" name="test_dispatched_failure_is_terminal[schema-structured_text_disagreement]" time="0.316" /><testcase classname="tests.test_grok_acp_transport" name="test_dispatched_failure_is_terminal[multi_call-usage_incomplete_or_extra_calls]" time="0.341" /><testcase classname="tests.test_grok_acp_transport" name="test_dispatched_failure_is_terminal[incomplete-usage_incomplete_or_extra_calls]" time="0.374" /><testcase classname="tests.test_grok_acp_transport" name="test_dispatched_failure_is_terminal[tokens-observed_token_limit]" time="0.491" /><testcase classname="tests.test_grok_acp_transport" name="test_dispatched_failure_is_terminal[post_paid-paid_fallback_available]" time="0.499" /><testcase classname="tests.test_grok_acp_transport" name="test_dispatched_failure_is_terminal[tool_event-tool_activity]" time="0.334" /><testcase classname="tests.test_grok_acp_transport" name="test_dispatched_failure_is_terminal[server_request-server_request_disallowed]" time="0.448" /><testcase classname="tests.test_grok_acp_transport" name="test_unknown_cost_not_invented[unknown_cost]" time="0.440" /><testcase classname="tests.test_grok_acp_transport" name="test_unknown_cost_not_invented[partial]" time="0.409" /><testcase classname="tests.test_grok_acp_transport" name="test_timeout_kills_subprocess_tree_without_retry[pre_timeout-False]" time="1.616" /><testcase classname="tests.test_grok_acp_transport" name="test_timeout_kills_subprocess_tree_without_retry[timeout-True]" time="1.544" /><testcase classname="tests.test_grok_acp_transport" name="test_existing_reservation_blocks_new_peer" time="0.045" /><testcase classname="tests.test_grok_acp_transport" name="test_frozen_file_change_blocks_process" time="0.041" /><testcase classname="tests.test_grok_acp_transport" name="test_billing_zero_is_typed_and_current" time="0.001" /><testcase classname="tests.test_grok_acp_transport" name="test_acp_input_includes_cache_and_reasoning_is_subset" time="0.000" /><testcase classname="tests.test_grok_acp_transport" name="test_native_entry_point_requires_explicit_revised_contract" time="0.000" /><testcase classname="tests.test_grok_acp_transport" name="test_receipt_cannot_claim_main_usage_is_total" time="0.402" /><testcase classname="tests.test_grok_acp_transport" name="test_native_startup_pins_config_and_excludes_api_environment" time="0.006" /><testcase classname="tests.test_grok_acp_transport" name="test_bound_native_queue_display_does_not_expose_prompt_or_add_dispatch" time="0.382" /><testcase classname="tests.test_grok_acp_transport" name="test_queue_repair_still_rejects_other_work[queue_wrong-queue_prompt_binding]" time="0.424" /><testcase classname="tests.test_grok_acp_transport" name="test_queue_repair_still_rejects_other_work[queue_extra-extra_queued_work]" time="0.337" /><testcase classname="tests.test_grok_acp_transport" name="test_queue_repair_still_rejects_other_work[queue_unknown-unknown_queue_field]" time="0.362" /><testcase classname="tests.test_grok_acp_transport" name="test_optional_intermediate_stop_requires_bound_terminal_success" time="0.526" /><testcase classname="tests.test_grok_acp_transport" name="test_missing_intermediate_stop_does_not_allow_bad_terminal" time="0.415" /><testcase classname="tests.test_grok_acp_transport" name="test_source_optional_metadata_and_terminal_notification[optional_usage]" time="0.426" /><testcase classname="tests.test_grok_acp_transport" name="test_source_optional_metadata_and_terminal_notification[prompt_complete]" time="0.406" /><testcase classname="tests.test_grok_acp_transport" name="test_source_optional_review_keeps_binding_and_types[prompt_complete_wrong-prompt_complete_binding]" time="0.418" /><testcase classname="tests.test_grok_acp_transport" name="test_source_optional_review_keeps_binding_and_types[context_count-terminal_context_count_shape]" time="0.423" /><testcase classname="tests.test_grok_acp_transport" name="test_rejected_rpc_retains_already_received_partial_usage" time="0.340" /><testcase classname="tests.test_label_isolation" name="test_every_task_has_a_label" time="0.001" /><testcase classname="tests.test_label_isolation" name="test_prompts_do_not_contain_label_payloads" time="0.008" /><testcase classname="tests.test_label_isolation" name="test_error_catching_every_task_has_a_label" time="0.001" /><testcase classname="tests.test_label_isolation" name="test_error_catching_prompts_do_not_contain_label_payloads" time="0.002" /><testcase classname="tests.test_label_isolation" name="test_iteration_every_task_has_a_label" time="0.001" /><testcase classname="tests.test_label_isolation" name="test_iteration_prompts_do_not_contain_label_payloads" time="0.002" /><testcase classname="tests.test_label_isolation" name="test_audit_contrast_every_task_has_a_label" time="0.001" /><testcase classname="tests.test_label_isolation" name="test_audit_contrast_prompts_do_not_contain_label_payloads" time="0.004" /><testcase classname="tests.test_label_isolation" name="test_true_lock_every_task_has_a_label" time="0.001" /><testcase classname="tests.test_label_isolation" name="test_true_lock_prompts_omit_gold_rule" time="0.004" /></testsuite></testsuites>