<?xml version="1.0" encoding="utf-8"?><testsuites name="pytest tests"><testsuite name="pytest" errors="0" failures="0" skipped="0" tests="34" time="954.066" timestamp="2026-09-15T06:50:54.934940+08:00" hostname="SC-202507131830"><testcase classname="tests.test_headless_subscription_pilot" name="test_headless_subscription_ports_use_actual_producer_and_preserve_failure_denominator" time="46.052" /><testcase classname="tests.test_headless_subscription_pilot" name="test_headless_rejection_preserves_observed_usage_and_stops[binding]" time="49.226" /><testcase classname="tests.test_headless_subscription_pilot" name="test_headless_rejection_preserves_observed_usage_and_stops[private_request]" time="36.410" /><testcase classname="tests.test_headless_subscription_pilot" name="test_headless_rejection_preserves_observed_usage_and_stops[target]" time="38.632" /><testcase classname="tests.test_headless_subscription_pilot" name="test_recovered_account_snapshot_flows_through_real_subscription_consumer" time="42.395" /><testcase classname="tests.test_headless_subscription_pilot" name="test_recovery_failure_preserves_main_usage_without_another_main[exhausted]" time="60.084" /><testcase classname="tests.test_headless_subscription_pilot" name="test_recovery_failure_preserves_main_usage_without_another_main[binding]" time="56.475" /><testcase classname="tests.test_headless_subscription_pilot" name="test_v4_recovery_configuration_rejected_before_native_io[None]" time="2.310" /><testcase classname="tests.test_headless_subscription_pilot" name="test_v4_recovery_configuration_rejected_before_native_io[2.0]" time="3.648" /><testcase classname="tests.test_headless_subscription_pilot" name="test_v4_recovery_configuration_rejected_before_native_io[True]" time="4.628" /><testcase classname="tests.test_headless_subscription_pilot" name="test_v4_recovery_configuration_rejected_before_native_io[3]" time="3.081" /><testcase classname="tests.test_headless_subscription_pilot" name="test_closed_nullable_object_schema_accepts_object_or_null_only" time="0.000" /><testcase classname="tests.test_diagnostic_subscription" name="test_new_manifest_never_weakens_old_monetary_contract" time="4.114" /><testcase classname="tests.test_diagnostic_subscription" name="test_real_worker_renderer_native_ledger_and_fixed_denominators[diagnostic-8-4]" time="75.416" /><testcase classname="tests.test_diagnostic_subscription" name="test_real_worker_renderer_native_ledger_and_fixed_denominators[diagnostic_unknown_main-1-0]" time="47.213" /><testcase classname="tests.test_diagnostic_subscription" name="test_complete_reference_byte_cap_rejects_before_any_transport" time="1.702" /><testcase classname="tests.test_diagnostic_subscription" name="test_changed_request_inventory_rejected_before_io" time="4.656" /><testcase classname="tests.test_diagnostic_subscription" name="test_source_drift_after_main_retains_receipt_and_blocks_later_io" time="41.883" /><testcase classname="tests.test_diagnostic_subscription" name="test_unknown_title_does_not_invent_zero_or_block_known_main" time="53.867" /><testcase classname="tests.test_diagnostic_subscription" name="test_duplicate_native_identity_retained_and_halts" time="34.699" /><testcase classname="tests.test_diagnostic_subscription" name="test_all_materials_frozen_and_opportunity_budget_stops_before_second_call" time="28.153" /><testcase classname="tests.test_diagnostic_subscription" name="test_native_fault_at_provider_seam_never_permits_later_request[paid]" time="25.830" /><testcase classname="tests.test_diagnostic_subscription" name="test_native_fault_at_provider_seam_never_permits_later_request[tools]" time="38.677" /><testcase classname="tests.test_diagnostic_subscription" name="test_native_fault_at_provider_seam_never_permits_later_request[malformed]" time="32.150" /><testcase classname="tests.test_diagnostic_subscription" name="test_native_fault_at_provider_seam_never_permits_later_request[tool_event]" time="31.639" /><testcase classname="tests.test_diagnostic_subscription" name="test_native_fault_at_provider_seam_never_permits_later_request[optional_stop_bad_terminal]" time="39.338" /><testcase classname="tests.test_diagnostic_subscription" name="test_invalid_review_keeps_accepted_native_main_receipt" time="48.489" /><testcase classname="tests.test_diagnostic_subscription" name="test_native_execution_cannot_use_unprovisioned_profile_or_fixture_fallback" time="2.428" /><testcase classname="tests.test_diagnostic_subscription" name="test_coherent_native_binding_swaps_keep_main_usage_but_stop_io[valid_response]" time="29.597" /><testcase classname="tests.test_diagnostic_subscription" name="test_coherent_native_binding_swaps_keep_main_usage_but_stop_io[prompt]" time="27.551" /><testcase classname="tests.test_diagnostic_subscription" name="test_coherent_native_binding_swaps_keep_main_usage_but_stop_io[schema]" time="23.340" /><testcase classname="tests.test_diagnostic_subscription" name="test_coherent_native_binding_swaps_keep_main_usage_but_stop_io[reservation]" time="8.463" /><testcase classname="tests.test_diagnostic_subscription" name="test_coherent_native_binding_swaps_keep_main_usage_but_stop_io[source]" time="10.781" /><testcase classname="tests.test_diagnostic_subscription" name="test_large_synthetic_reference_compiles_complete_with_explicit_byte_limit" time="0.698" /></testsuite></testsuites>