<?xml version="1.0" encoding="utf-8"?><testsuites name="pytest tests"><testsuite name="pytest" errors="0" failures="0" skipped="0" tests="57" time="92.133" timestamp="2026-09-15T07:08:46.443449+08:00" hostname="SC-202507131830"><testcase classname="tests.test_grok_headless_transport" name="test_actual_producer_reader_and_unknown_totals" time="1.273" /><testcase classname="tests.test_grok_headless_transport" name="test_reader_rejects_artifact_swaps[command.json]" time="1.180" /><testcase classname="tests.test_grok_headless_transport" name="test_reader_rejects_artifact_swaps[process.json]" time="1.227" /><testcase classname="tests.test_grok_headless_transport" name="test_reader_rejects_artifact_swaps[billing-after/credits.private.json]" time="1.202" /><testcase classname="tests.test_grok_headless_transport" name="test_context_binding_rejects_swap" time="1.295" /><testcase classname="tests.test_grok_headless_transport" name="test_reasoning_effort_is_frozen_in_command_reservation_and_reader" time="1.335" /><testcase classname="tests.test_grok_headless_transport" name="test_reasoning_effort_rejects_values_outside_frozen_model_contract" time="0.885" /><testcase classname="tests.test_grok_headless_transport" name="test_preflight_denial_has_terminal_no_dispatch_receipt" time="0.953" /><testcase classname="tests.test_grok_headless_transport" name="test_postflight_failure_preserves_observed_stream" time="1.319" /><testcase classname="tests.test_grok_headless_transport" name="test_opt_in_postflight_account_read_retry_keeps_one_main_and_reader_binds_attempts" time="1.463" /><testcase classname="tests.test_grok_headless_transport" name="test_opt_in_account_policy_error_does_not_retry" time="1.097" /><testcase classname="tests.test_grok_headless_transport" name="test_opt_in_reader_rejects_winner_or_partial_tamper" time="1.421" /><testcase classname="tests.test_grok_headless_transport" name="test_opt_in_exhausts_two_transient_account_attempts_without_main" time="1.181" /><testcase classname="tests.test_grok_headless_transport" name="test_opt_in_reader_rejects_failed_partial_raw_tamper" time="1.457" /><testcase classname="tests.test_grok_headless_transport" name="test_opt_in_reader_rejects_coherent_partial_raw_and_requests_rewrite" time="1.410" /><testcase classname="tests.test_grok_headless_transport" name="test_recovered_account_received_credit_prefix_is_terminal_not_retried[paid]" time="0.901" /><testcase classname="tests.test_grok_headless_transport" name="test_recovered_account_received_credit_prefix_is_terminal_not_retried[malformed]" time="0.832" /><testcase classname="tests.test_grok_headless_transport" name="test_recovered_account_received_credit_prefix_is_terminal_not_retried[period]" time="0.734" /><testcase classname="tests.test_grok_headless_transport" name="test_recovered_account_received_credit_prefix_is_terminal_not_retried[percent]" time="0.860" /><testcase classname="tests.test_grok_headless_transport" name="test_recovered_account_received_user_prefix_is_terminal_not_retried[identity]" time="0.787" /><testcase classname="tests.test_grok_headless_transport" name="test_recovered_account_received_user_prefix_is_terminal_not_retried[access]" time="0.745" /><testcase classname="tests.test_grok_headless_transport" name="test_recovered_preflight_stale_snapshot_blocks_main_and_retains_attempt" time="1.074" /><testcase classname="tests.test_grok_headless_transport" name="test_opt_in_recovery_requires_exact_integer_bound[True]" time="0.671" /><testcase classname="tests.test_grok_headless_transport" name="test_opt_in_recovery_requires_exact_integer_bound[2.0]" time="0.887" /><testcase classname="tests.test_grok_headless_transport" name="test_opt_in_recovery_requires_exact_integer_bound[1]" time="0.990" /><testcase classname="tests.test_grok_headless_transport" name="test_opt_in_recovery_requires_exact_integer_bound[3]" time="0.663" /><testcase classname="tests.test_grok_headless_transport" name="test_recovery_reader_rejects_rehashed_failure_after_winning_snapshot" time="0.864" /><testcase classname="tests.test_grok_headless_transport" name="test_short_timeout_closes_owned_process_tree" time="0.066" /><testcase classname="tests.test_grok_headless_transport" name="test_constructor_failure_does_not_claim_no_launch" time="0.002" /><testcase classname="tests.test_grok_headless_transport" name="test_rehashed_reservation_cannot_change_frozen_execution_contract[command]" time="1.250" /><testcase classname="tests.test_grok_headless_transport" name="test_rehashed_reservation_cannot_change_frozen_execution_contract[environment]" time="1.123" /><testcase classname="tests.test_grok_headless_transport" name="test_rehashed_reservation_cannot_change_frozen_execution_contract[source_manifest]" time="1.239" /><testcase classname="tests.test_grok_headless_transport" name="test_raw_account_gate_rejects_paid_blocked_and_unordered_observations" time="1.295" /><testcase classname="tests.test_headless_subscription_pilot" name="test_headless_subscription_ports_use_actual_producer_and_preserve_failure_denominator" time="4.949" /><testcase classname="tests.test_headless_subscription_pilot" name="test_headless_rejection_preserves_observed_usage_and_stops[binding]" time="5.675" /><testcase classname="tests.test_headless_subscription_pilot" name="test_headless_rejection_preserves_observed_usage_and_stops[private_request]" time="4.882" /><testcase classname="tests.test_headless_subscription_pilot" name="test_headless_rejection_preserves_observed_usage_and_stops[target]" time="4.354" /><testcase classname="tests.test_headless_subscription_pilot" name="test_recovered_account_snapshot_flows_through_real_subscription_consumer" time="4.976" /><testcase classname="tests.test_headless_subscription_pilot" name="test_recovery_failure_preserves_main_usage_without_another_main[exhausted]" time="4.830" /><testcase classname="tests.test_headless_subscription_pilot" name="test_recovery_failure_preserves_main_usage_without_another_main[binding]" time="5.325" /><testcase classname="tests.test_headless_subscription_pilot" name="test_v4_recovery_configuration_rejected_before_native_io[None]" time="0.263" /><testcase classname="tests.test_headless_subscription_pilot" name="test_v4_recovery_configuration_rejected_before_native_io[2.0]" time="0.220" /><testcase classname="tests.test_headless_subscription_pilot" name="test_v4_recovery_configuration_rejected_before_native_io[True]" time="0.323" /><testcase classname="tests.test_headless_subscription_pilot" name="test_v4_recovery_configuration_rejected_before_native_io[3]" time="0.230" /><testcase classname="tests.test_headless_subscription_pilot" name="test_closed_nullable_object_schema_accepts_object_or_null_only" time="0.000" /><testcase classname="tests.test_diagnostic_subscription" name="test_real_worker_renderer_native_ledger_and_fixed_denominators[diagnostic-8-4]" time="9.531" /><testcase classname="tests.test_diagnostic_subscription" name="test_real_worker_renderer_native_ledger_and_fixed_denominators[diagnostic_unknown_main-1-0]" time="12.108" /><testcase classname="tests.test_label_isolation" name="test_every_task_has_a_label" time="0.001" /><testcase classname="tests.test_label_isolation" name="test_prompts_do_not_contain_label_payloads" time="0.027" /><testcase classname="tests.test_label_isolation" name="test_error_catching_every_task_has_a_label" time="0.001" /><testcase classname="tests.test_label_isolation" name="test_error_catching_prompts_do_not_contain_label_payloads" time="0.144" /><testcase classname="tests.test_label_isolation" name="test_iteration_every_task_has_a_label" time="0.000" /><testcase classname="tests.test_label_isolation" name="test_iteration_prompts_do_not_contain_label_payloads" time="0.006" /><testcase classname="tests.test_label_isolation" name="test_audit_contrast_every_task_has_a_label" time="0.001" /><testcase classname="tests.test_label_isolation" name="test_audit_contrast_prompts_do_not_contain_label_payloads" time="0.008" /><testcase classname="tests.test_label_isolation" name="test_true_lock_every_task_has_a_label" time="0.001" /><testcase classname="tests.test_label_isolation" name="test_true_lock_prompts_omit_gold_rule" time="0.005" /></testsuite></testsuites>