<?xml version="1.0" encoding="utf-8"?><testsuites><testsuite name="pytest" errors="0" failures="0" skipped="0" tests="4" time="6.198" timestamp="2026-09-14T06:55:44.996265" hostname="SC-202507131830"><testcase classname="work.init-only-driver-r1.test_driver" name="test_exactly_one_initialize_and_owned_cleanup[success-None]" time="1.159" /><testcase classname="work.init-only-driver-r1.test_driver" name="test_exactly_one_initialize_and_owned_cleanup[malformed-malformed_json]" time="1.438" /><testcase classname="work.init-only-driver-r1.test_driver" name="test_exactly_one_initialize_and_owned_cleanup[server_request-unsolicited_server_request]" time="0.896" /><testcase classname="work.init-only-driver-r1.test_driver" name="test_exactly_one_initialize_and_owned_cleanup[timeout-timeout]" time="2.684" /></testsuite></testsuites>