<?xml version="1.0" encoding="utf-8"?><testsuites><testsuite name="pytest" errors="0" failures="0" skipped="0" tests="10" time="82.321" timestamp="2026-09-13T23:46:58.796115" hostname="SC-202507131830"><testcase classname="tests.test_diagnostic_subscription" name="test_real_worker_renderer_native_ledger_and_fixed_denominators[diagnostic-8-4]" time="17.528" /><testcase classname="tests.test_diagnostic_subscription" name="test_real_worker_renderer_native_ledger_and_fixed_denominators[diagnostic_unknown_main-1-0]" time="6.415" /><testcase classname="tests.test_diagnostic_subscription" name="test_unknown_title_does_not_invent_zero_or_block_known_main" time="14.704" /><testcase classname="tests.test_diagnostic_subscription" name="test_coherent_native_binding_swaps_keep_main_usage_but_stop_io[valid_response]" time="7.913" /><testcase classname="tests.test_diagnostic_subscription" name="test_coherent_native_binding_swaps_keep_main_usage_but_stop_io[prompt]" time="8.642" /><testcase classname="tests.test_diagnostic_subscription" name="test_coherent_native_binding_swaps_keep_main_usage_but_stop_io[schema]" time="8.803" /><testcase classname="tests.test_diagnostic_subscription" name="test_coherent_native_binding_swaps_keep_main_usage_but_stop_io[reservation]" time="7.730" /><testcase classname="tests.test_diagnostic_subscription" name="test_coherent_native_binding_swaps_keep_main_usage_but_stop_io[source]" time="7.197" /><testcase classname="tests.test_diagnostic_subscription" name="test_large_synthetic_reference_compiles_complete_with_explicit_byte_limit" time="0.623" /><testcase classname="tests.test_grok_acp_transport" name="test_diagnostic_entry_uses_separate_explicit_caps_without_changing_smoke" time="0.828" /></testsuite></testsuites>