<?xml version="1.0" encoding="utf-8"?><testsuites name="pytest tests"><testsuite name="pytest" errors="0" failures="0" skipped="0" tests="40" time="37.713" timestamp="2026-09-15T05:21:03.359159+08:00" hostname="SC-202507131830"><testcase classname="tests.test_headless_material_authoring" name="test_headless_freeze_has_distinct_schema_complete_inputs_and_runtime_pins" time="0.915" /><testcase classname="tests.test_headless_material_authoring" name="test_all_headless_entries_preflight_before_any_dispatch[last_request]" time="0.834" /><testcase classname="tests.test_headless_material_authoring" name="test_all_headless_entries_preflight_before_any_dispatch[last_context]" time="0.870" /><testcase classname="tests.test_headless_material_authoring" name="test_all_headless_entries_preflight_before_any_dispatch[limits]" time="0.784" /><testcase classname="tests.test_headless_material_authoring" name="test_all_headless_entries_preflight_before_any_dispatch[schema]" time="0.816" /><testcase classname="tests.test_headless_material_authoring" name="test_all_headless_entries_preflight_before_any_dispatch[deployment]" time="0.877" /><testcase classname="tests.test_headless_material_authoring" name="test_headless_requires_explicit_deployment_and_no_acp_native_record" time="1.134" /><testcase classname="tests.test_headless_material_authoring" name="test_actual_headless_authoring_dispatch_to_signed_material_and_review_inventory" time="5.261" /><testcase classname="tests.test_headless_material_authoring" name="test_headless_mismatch_retains_observed_usage_and_unexecuted_denominators[response]" time="2.108" /><testcase classname="tests.test_headless_material_authoring" name="test_headless_mismatch_retains_observed_usage_and_unexecuted_denominators[stream]" time="1.938" /><testcase classname="tests.test_headless_material_authoring" name="test_headless_mismatch_retains_observed_usage_and_unexecuted_denominators[private_request]" time="1.476" /><testcase classname="tests.test_diagnostic_material_authoring" name="test_worker_authoring_material_signatures_and_ready_renderer_inventory" time="3.971" /><testcase classname="tests.test_diagnostic_material_authoring" name="test_fault_preserves_four_states_and_denominators_without_retry[authoring_unknown_main-12]" time="1.915" /><testcase classname="tests.test_diagnostic_material_authoring" name="test_fault_preserves_four_states_and_denominators_without_retry[paid-None]" time="1.391" /><testcase classname="tests.test_diagnostic_material_authoring" name="test_fault_preserves_four_states_and_denominators_without_retry[tools-None]" time="1.425" /><testcase classname="tests.test_diagnostic_material_authoring" name="test_native_binding_swap_retains_main_accounting_and_stops[answer]" time="1.725" /><testcase classname="tests.test_diagnostic_material_authoring" name="test_native_binding_swap_retains_main_accounting_and_stops[prompt]" time="2.704" /><testcase classname="tests.test_diagnostic_material_authoring" name="test_native_binding_swap_retains_main_accounting_and_stops[schema]" time="2.151" /><testcase classname="tests.test_diagnostic_material_authoring" name="test_native_binding_swap_retains_main_accounting_and_stops[reservation]" time="1.958" /><testcase classname="tests.test_diagnostic_material_authoring" name="test_native_binding_swap_retains_main_accounting_and_stops[source]" time="1.516" /><testcase classname="tests.test_diagnostic_material_authoring" name="test_late_entry_malformed_before_any_dispatch" time="0.312" /><testcase classname="tests.test_diagnostic_material_authoring" name="test_full_reference_in_all_four_requests_and_explicit_caps" time="0.485" /><testcase classname="tests.test_diagnostic_material_authoring" name="test_file_only_native_provision_freezes_all_slots_without_launch" time="0.890" /><testcase classname="tests.test_diagnostic_material_authoring" name="test_explicit_negative_support_still_remains_provisional" time="0.000" /><testcase classname="tests.test_diagnostic_material_authoring" name="test_author_assertions_cannot_create_coverage_truth[order]" time="0.001" /><testcase classname="tests.test_diagnostic_material_authoring" name="test_author_assertions_cannot_create_coverage_truth[empty]" time="0.000" /><testcase classname="tests.test_diagnostic_material_authoring" name="test_author_assertions_cannot_create_coverage_truth[negative]" time="0.000" /><testcase classname="tests.test_diagnostic_material_authoring" name="test_author_assertions_cannot_create_coverage_truth[alternative]" time="0.000" /><testcase classname="tests.test_diagnostic_material_authoring" name="test_author_assertions_cannot_create_coverage_truth[excerpt]" time="0.000" /><testcase classname="tests.test_diagnostic_material_authoring" name="test_author_assertions_cannot_create_coverage_truth[expected]" time="0.000" /><testcase classname="tests.test_label_isolation" name="test_every_task_has_a_label" time="0.001" /><testcase classname="tests.test_label_isolation" name="test_prompts_do_not_contain_label_payloads" time="0.005" /><testcase classname="tests.test_label_isolation" name="test_error_catching_every_task_has_a_label" time="0.001" /><testcase classname="tests.test_label_isolation" name="test_error_catching_prompts_do_not_contain_label_payloads" time="0.001" /><testcase classname="tests.test_label_isolation" name="test_iteration_every_task_has_a_label" time="0.000" /><testcase classname="tests.test_label_isolation" name="test_iteration_prompts_do_not_contain_label_payloads" time="0.002" /><testcase classname="tests.test_label_isolation" name="test_audit_contrast_every_task_has_a_label" time="0.001" /><testcase classname="tests.test_label_isolation" name="test_audit_contrast_prompts_do_not_contain_label_payloads" time="0.003" /><testcase classname="tests.test_label_isolation" name="test_true_lock_every_task_has_a_label" time="0.001" /><testcase classname="tests.test_label_isolation" name="test_true_lock_prompts_omit_gold_rule" time="0.002" /></testsuite></testsuites>