<?xml version="1.0" encoding="utf-8"?><testsuites><testsuite name="pytest" errors="0" failures="0" skipped="0" tests="17" time="183.871" timestamp="2026-09-14T00:21:29.512341" hostname="SC-202507131830"><testcase classname="tests.test_diagnostic_material_authoring" name="test_worker_authoring_material_signatures_and_ready_renderer_inventory" time="29.041" /><testcase classname="tests.test_diagnostic_material_authoring" name="test_fault_preserves_four_states_and_denominators_without_retry[authoring_unknown_main-12]" time="12.425" /><testcase classname="tests.test_diagnostic_material_authoring" name="test_fault_preserves_four_states_and_denominators_without_retry[paid-None]" time="8.883" /><testcase classname="tests.test_diagnostic_material_authoring" name="test_fault_preserves_four_states_and_denominators_without_retry[tools-None]" time="10.847" /><testcase classname="tests.test_diagnostic_material_authoring" name="test_native_binding_swap_retains_main_accounting_and_stops[answer]" time="14.020" /><testcase classname="tests.test_diagnostic_material_authoring" name="test_native_binding_swap_retains_main_accounting_and_stops[prompt]" time="30.319" /><testcase classname="tests.test_diagnostic_material_authoring" name="test_native_binding_swap_retains_main_accounting_and_stops[schema]" time="23.300" /><testcase classname="tests.test_diagnostic_material_authoring" name="test_native_binding_swap_retains_main_accounting_and_stops[reservation]" time="22.050" /><testcase classname="tests.test_diagnostic_material_authoring" name="test_native_binding_swap_retains_main_accounting_and_stops[source]" time="19.486" /><testcase classname="tests.test_diagnostic_material_authoring" name="test_late_entry_malformed_before_any_dispatch" time="4.621" /><testcase classname="tests.test_diagnostic_material_authoring" name="test_full_reference_in_all_four_requests_and_explicit_caps" time="6.389" /><testcase classname="tests.test_diagnostic_material_authoring" name="test_author_assertions_cannot_create_coverage_truth[order]" time="0.001" /><testcase classname="tests.test_diagnostic_material_authoring" name="test_author_assertions_cannot_create_coverage_truth[empty]" time="0.001" /><testcase classname="tests.test_diagnostic_material_authoring" name="test_author_assertions_cannot_create_coverage_truth[negative]" time="0.001" /><testcase classname="tests.test_diagnostic_material_authoring" name="test_author_assertions_cannot_create_coverage_truth[alternative]" time="0.001" /><testcase classname="tests.test_diagnostic_material_authoring" name="test_author_assertions_cannot_create_coverage_truth[excerpt]" time="0.001" /><testcase classname="tests.test_diagnostic_material_authoring" name="test_author_assertions_cannot_create_coverage_truth[expected]" time="0.001" /></testsuite></testsuites>